<?xml version="1.0" encoding="UTF-8"?>
<coverage generated="1748585404675" clover="3.2.0">
  <project timestamp="1748585404675" name="All files">
    <metrics statements="365" coveredstatements="361" conditionals="153" coveredconditionals="133" methods="36" coveredmethods="36" elements="554" coveredelements="530" complexity="0" loc="365" ncloc="365" packages="5" files="20" classes="20"/>
    <package name="controllers">
      <metrics statements="192" coveredstatements="189" conditionals="93" coveredconditionals="79" methods="14" coveredmethods="14"/>
      <file name="bodyPartController.js" path="C:\Users\ThinkPad T470p\Documents\Hacktive8\Phase2\Week3\IP-Tala-HCK83\folderServer\controllers\bodyPartController.js">
        <metrics statements="6" coveredstatements="6" conditionals="0" coveredconditionals="0" methods="1" coveredmethods="1"/>
        <line num="1" count="6" type="stmt"/>
        <line num="5" count="3" type="stmt"/>
        <line num="6" count="3" type="stmt"/>
        <line num="9" count="2" type="stmt"/>
        <line num="11" count="1" type="stmt"/>
        <line num="16" count="6" type="stmt"/>
      </file>
      <file name="equipmentController.js" path="C:\Users\ThinkPad T470p\Documents\Hacktive8\Phase2\Week3\IP-Tala-HCK83\folderServer\controllers\equipmentController.js">
        <metrics statements="6" coveredstatements="6" conditionals="0" coveredconditionals="0" methods="1" coveredmethods="1"/>
        <line num="1" count="6" type="stmt"/>
        <line num="5" count="3" type="stmt"/>
        <line num="6" count="3" type="stmt"/>
        <line num="9" count="2" type="stmt"/>
        <line num="11" count="1" type="stmt"/>
        <line num="16" count="6" type="stmt"/>
      </file>
      <file name="userController.js" path="C:\Users\ThinkPad T470p\Documents\Hacktive8\Phase2\Week3\IP-Tala-HCK83\folderServer\controllers\userController.js">
        <metrics statements="83" coveredstatements="83" conditionals="49" coveredconditionals="39" methods="4" coveredmethods="4"/>
        <line num="1" count="6" type="stmt"/>
        <line num="2" count="6" type="stmt"/>
        <line num="3" count="6" type="stmt"/>
        <line num="4" count="6" type="stmt"/>
        <line num="5" count="6" type="stmt"/>
        <line num="6" count="6" type="stmt"/>
        <line num="7" count="6" type="stmt"/>
        <line num="9" count="6" type="stmt"/>
        <line num="13" count="9" type="stmt"/>
        <line num="14" count="9" type="stmt"/>
        <line num="15" count="9" type="cond" truecount="5" falsecount="0"/>
        <line num="16" count="5" type="stmt"/>
        <line num="23" count="4" type="stmt"/>
        <line num="24" count="2" type="stmt"/>
        <line num="30" count="7" type="stmt"/>
        <line num="35" count="6" type="stmt"/>
        <line num="36" count="6" type="stmt"/>
        <line num="37" count="6" type="cond" truecount="4" falsecount="0"/>
        <line num="38" count="2" type="stmt"/>
        <line num="44" count="4" type="stmt"/>
        <line num="45" count="4" type="cond" truecount="2" falsecount="0"/>
        <line num="46" count="2" type="stmt"/>
        <line num="49" count="2" type="stmt"/>
        <line num="50" count="2" type="cond" truecount="2" falsecount="0"/>
        <line num="51" count="1" type="stmt"/>
        <line num="54" count="1" type="stmt"/>
        <line num="59" count="1" type="stmt"/>
        <line num="61" count="1" type="stmt"/>
        <line num="65" count="5" type="stmt"/>
        <line num="70" count="4" type="stmt"/>
        <line num="72" count="4" type="stmt"/>
        <line num="74" count="4" type="cond" truecount="2" falsecount="0"/>
        <line num="75" count="1" type="stmt"/>
        <line num="78" count="3" type="stmt"/>
        <line num="83" count="2" type="stmt"/>
        <line num="84" count="2" type="stmt"/>
        <line num="87" count="2" type="stmt"/>
        <line num="89" count="2" type="cond" truecount="1" falsecount="1"/>
        <line num="91" count="2" type="stmt"/>
        <line num="92" count="2" type="stmt"/>
        <line num="94" count="2" type="stmt"/>
        <line num="103" count="2" type="stmt"/>
        <line num="108" count="2" type="stmt"/>
        <line num="110" count="2" type="stmt"/>
        <line num="118" count="2" type="stmt"/>
        <line num="119" count="2" type="stmt"/>
        <line num="127" count="7" type="stmt"/>
        <line num="128" count="7" type="stmt"/>
        <line num="130" count="7" type="stmt"/>
        <line num="131" count="7" type="stmt"/>
        <line num="132" count="7" type="cond" truecount="2" falsecount="0"/>
        <line num="134" count="7" type="cond" truecount="2" falsecount="0"/>
        <line num="135" count="1" type="stmt"/>
        <line num="138" count="6" type="cond" truecount="4" falsecount="0"/>
        <line num="139" count="1" type="stmt"/>
        <line num="143" count="5" type="stmt"/>
        <line num="144" count="5" type="stmt"/>
        <line num="151" count="4" type="stmt"/>
        <line num="152" count="4" type="stmt"/>
        <line num="155" count="4" type="cond" truecount="4" falsecount="0"/>
        <line num="156" count="1" type="stmt"/>
        <line num="160" count="3" type="stmt"/>
        <line num="162" count="3" type="stmt"/>
        <line num="171" count="3" type="cond" truecount="2" falsecount="0"/>
        <line num="173" count="2" type="cond" truecount="1" falsecount="1"/>
        <line num="177" count="2" type="stmt"/>
        <line num="178" count="2" type="stmt"/>
        <line num="180" count="2" type="stmt"/>
        <line num="181" count="1" type="stmt"/>
        <line num="182" count="1" type="stmt"/>
        <line num="185" count="2" type="cond" truecount="1" falsecount="1"/>
        <line num="187" count="2" type="stmt"/>
        <line num="196" count="1" type="cond" truecount="1" falsecount="1"/>
        <line num="197" count="1" type="stmt"/>
        <line num="198" count="1" type="stmt"/>
        <line num="203" count="3" type="stmt"/>
        <line num="208" count="3" type="stmt"/>
        <line num="210" count="3" type="stmt"/>
        <line num="218" count="4" type="stmt"/>
        <line num="224" count="4" type="cond" truecount="4" falsecount="0"/>
        <line num="225" count="1" type="stmt"/>
        <line num="231" count="3" type="stmt"/>
        <line num="236" count="6" type="stmt"/>
      </file>
      <file name="workoutListController.js" path="C:\Users\ThinkPad T470p\Documents\Hacktive8\Phase2\Week3\IP-Tala-HCK83\folderServer\controllers\workoutListController.js">
        <metrics statements="97" coveredstatements="94" conditionals="44" coveredconditionals="40" methods="8" coveredmethods="8"/>
        <line num="7" count="6" type="stmt"/>
        <line num="8" count="6" type="stmt"/>
        <line num="9" count="6" type="stmt"/>
        <line num="10" count="6" type="stmt"/>
        <line num="11" count="6" type="stmt"/>
        <line num="15" count="11" type="stmt"/>
        <line num="16" count="11" type="stmt"/>
        <line num="17" count="11" type="stmt"/>
        <line num="18" count="11" type="stmt"/>
        <line num="19" count="11" type="stmt"/>
        <line num="21" count="11" type="cond" truecount="2" falsecount="0"/>
        <line num="22" count="1" type="stmt"/>
        <line num="24" count="10" type="cond" truecount="2" falsecount="0"/>
        <line num="29" count="2" type="stmt"/>
        <line num="36" count="8" type="stmt"/>
        <line num="37" count="8" type="cond" truecount="2" falsecount="0"/>
        <line num="38" count="2" type="stmt"/>
        <line num="42" count="6" type="stmt"/>
        <line num="45" count="6" type="cond" truecount="2" falsecount="0"/>
        <line num="46" count="1" type="stmt"/>
        <line num="50" count="5" type="stmt"/>
        <line num="57" count="6" type="stmt"/>
        <line num="58" count="5" type="stmt"/>
        <line num="59" count="5" type="stmt"/>
        <line num="63" count="1" type="stmt"/>
        <line num="65" count="1" type="cond" truecount="3" falsecount="1"/>
        <line num="66" count="0" type="stmt"/>
        <line num="73" count="1" type="stmt"/>
        <line num="74" count="1" type="stmt"/>
        <line num="76" count="1" type="stmt"/>
        <line num="77" count="1" type="stmt"/>
        <line num="84" count="1" type="stmt"/>
        <line num="87" count="1" type="stmt"/>
        <line num="102" count="1" type="stmt"/>
        <line num="104" count="10" type="stmt"/>
        <line num="105" count="10" type="stmt"/>
        <line num="110" count="2" type="stmt"/>
        <line num="111" count="2" type="stmt"/>
        <line num="112" count="2" type="stmt"/>
        <line num="129" count="2" type="stmt"/>
        <line num="131" count="0" type="stmt"/>
        <line num="136" count="3" type="stmt"/>
        <line num="137" count="3" type="stmt"/>
        <line num="138" count="3" type="stmt"/>
        <line num="140" count="3" type="stmt"/>
        <line num="158" count="2" type="cond" truecount="2" falsecount="0"/>
        <line num="159" count="1" type="stmt"/>
        <line num="165" count="1" type="stmt"/>
        <line num="166" count="1" type="stmt"/>
        <line num="168" count="2" type="stmt"/>
        <line num="174" count="4" type="stmt"/>
        <line num="175" count="4" type="stmt"/>
        <line num="176" count="4" type="stmt"/>
        <line num="177" count="4" type="stmt"/>
        <line num="179" count="4" type="cond" truecount="4" falsecount="0"/>
        <line num="180" count="1" type="stmt"/>
        <line num="186" count="3" type="stmt"/>
        <line num="190" count="3" type="cond" truecount="2" falsecount="0"/>
        <line num="191" count="1" type="stmt"/>
        <line num="197" count="2" type="stmt"/>
        <line num="201" count="2" type="cond" truecount="2" falsecount="0"/>
        <line num="202" count="1" type="stmt"/>
        <line num="209" count="1" type="cond" truecount="1" falsecount="1"/>
        <line num="210" count="1" type="cond" truecount="1" falsecount="1"/>
        <line num="212" count="1" type="stmt"/>
        <line num="214" count="1" type="stmt"/>
        <line num="218" count="3" type="stmt"/>
        <line num="223" count="2" type="stmt"/>
        <line num="224" count="2" type="stmt"/>
        <line num="225" count="2" type="stmt"/>
        <line num="227" count="2" type="stmt"/>
        <line num="231" count="2" type="cond" truecount="2" falsecount="0"/>
        <line num="232" count="1" type="stmt"/>
        <line num="239" count="1" type="stmt"/>
        <line num="242" count="1" type="stmt"/>
        <line num="244" count="1" type="stmt"/>
        <line num="246" count="1" type="stmt"/>
        <line num="251" count="6" type="stmt"/>
        <line num="255" count="5" type="stmt"/>
        <line num="261" count="5" type="stmt"/>
        <line num="263" count="5" type="stmt"/>
        <line num="283" count="5" type="stmt"/>
        <line num="284" count="5" type="stmt"/>
        <line num="285" count="5" type="stmt"/>
        <line num="288" count="5" type="stmt"/>
        <line num="290" count="5" type="cond" truecount="4" falsecount="0"/>
        <line num="291" count="3" type="stmt"/>
        <line num="295" count="3" type="stmt"/>
        <line num="302" count="2" type="stmt"/>
        <line num="303" count="2" type="cond" truecount="2" falsecount="0"/>
        <line num="310" count="1" type="stmt"/>
        <line num="311" count="1" type="stmt"/>
        <line num="318" count="1" type="stmt"/>
        <line num="320" count="4" type="stmt"/>
        <line num="321" count="4" type="cond" truecount="1" falsecount="1"/>
        <line num="322" count="0" type="stmt"/>
        <line num="327" count="4" type="stmt"/>
      </file>
    </package>
    <package name="helpers">
      <metrics statements="34" coveredstatements="34" conditionals="10" coveredconditionals="9" methods="5" coveredmethods="5"/>
      <file name="bcrypt.js" path="C:\Users\ThinkPad T470p\Documents\Hacktive8\Phase2\Week3\IP-Tala-HCK83\folderServer\helpers\bcrypt.js">
        <metrics statements="7" coveredstatements="7" conditionals="0" coveredconditionals="0" methods="2" coveredmethods="2"/>
        <line num="1" count="11" type="stmt"/>
        <line num="3" count="11" type="stmt"/>
        <line num="4" count="73" type="stmt"/>
        <line num="5" count="73" type="stmt"/>
        <line num="8" count="11" type="stmt"/>
        <line num="9" count="4" type="stmt"/>
        <line num="12" count="11" type="stmt"/>
      </file>
      <file name="gemini.api.js" path="C:\Users\ThinkPad T470p\Documents\Hacktive8\Phase2\Week3\IP-Tala-HCK83\folderServer\helpers\gemini.api.js">
        <metrics statements="19" coveredstatements="19" conditionals="10" coveredconditionals="9" methods="1" coveredmethods="1"/>
        <line num="1" count="6" type="stmt"/>
        <line num="2" count="6" type="stmt"/>
        <line num="4" count="6" type="stmt"/>
        <line num="7" count="8" type="stmt"/>
        <line num="8" count="8" type="stmt"/>
        <line num="30" count="6" type="stmt"/>
        <line num="34" count="6" type="cond" truecount="2" falsecount="0"/>
        <line num="35" count="4" type="stmt"/>
        <line num="36" count="2" type="cond" truecount="2" falsecount="0"/>
        <line num="37" count="1" type="stmt"/>
        <line num="40" count="1" type="cond" truecount="1" falsecount="1"/>
        <line num="43" count="6" type="stmt"/>
        <line num="46" count="6" type="stmt"/>
        <line num="47" count="5" type="stmt"/>
        <line num="49" count="3" type="stmt"/>
        <line num="50" count="3" type="cond" truecount="4" falsecount="0"/>
        <line num="51" count="1" type="stmt"/>
        <line num="53" count="2" type="stmt"/>
        <line num="57" count="6" type="stmt"/>
      </file>
      <file name="jwt.js" path="C:\Users\ThinkPad T470p\Documents\Hacktive8\Phase2\Week3\IP-Tala-HCK83\folderServer\helpers\jwt.js">
        <metrics statements="8" coveredstatements="8" conditionals="0" coveredconditionals="0" methods="2" coveredmethods="2"/>
        <line num="1" count="7" type="stmt"/>
        <line num="2" count="7" type="stmt"/>
        <line num="3" count="7" type="stmt"/>
        <line num="4" count="7" type="stmt"/>
        <line num="5" count="65" type="stmt"/>
        <line num="8" count="7" type="stmt"/>
        <line num="9" count="40" type="stmt"/>
        <line num="12" count="7" type="stmt"/>
      </file>
    </package>
    <package name="middlewares">
      <metrics statements="48" coveredstatements="48" conditionals="40" coveredconditionals="38" methods="3" coveredmethods="3"/>
      <file name="authentication.js" path="C:\Users\ThinkPad T470p\Documents\Hacktive8\Phase2\Week3\IP-Tala-HCK83\folderServer\middlewares\authentication.js">
        <metrics statements="18" coveredstatements="18" conditionals="8" coveredconditionals="8" methods="1" coveredmethods="1"/>
        <line num="1" count="6" type="stmt"/>
        <line num="2" count="6" type="stmt"/>
        <line num="4" count="6" type="stmt"/>
        <line num="5" count="45" type="stmt"/>
        <line num="6" count="45" type="stmt"/>
        <line num="7" count="45" type="cond" truecount="2" falsecount="0"/>
        <line num="8" count="7" type="stmt"/>
        <line num="11" count="38" type="stmt"/>
        <line num="12" count="38" type="cond" truecount="4" falsecount="0"/>
        <line num="13" count="1" type="stmt"/>
        <line num="16" count="37" type="stmt"/>
        <line num="17" count="30" type="stmt"/>
        <line num="18" count="30" type="cond" truecount="2" falsecount="0"/>
        <line num="19" count="2" type="stmt"/>
        <line num="22" count="28" type="stmt"/>
        <line num="28" count="28" type="stmt"/>
        <line num="30" count="17" type="stmt"/>
        <line num="34" count="6" type="stmt"/>
      </file>
      <file name="errorHandler.js" path="C:\Users\ThinkPad T470p\Documents\Hacktive8\Phase2\Week3\IP-Tala-HCK83\folderServer\middlewares\errorHandler.js">
        <metrics statements="30" coveredstatements="30" conditionals="32" coveredconditionals="30" methods="2" coveredmethods="2"/>
        <line num="1" count="6" type="stmt"/>
        <line num="2" count="63" type="stmt"/>
        <line num="4" count="63" type="stmt"/>
        <line num="5" count="63" type="stmt"/>
        <line num="7" count="63" type="cond" truecount="4" falsecount="0"/>
        <line num="8" count="4" type="stmt"/>
        <line num="9" count="4" type="stmt"/>
        <line num="10" count="59" type="cond" truecount="2" falsecount="0"/>
        <line num="11" count="16" type="stmt"/>
        <line num="12" count="16" type="cond" truecount="1" falsecount="1"/>
        <line num="13" count="43" type="cond" truecount="2" falsecount="0"/>
        <line num="14" count="14" type="stmt"/>
        <line num="15" count="14" type="cond" truecount="2" falsecount="0"/>
        <line num="16" count="29" type="cond" truecount="4" falsecount="0"/>
        <line num="17" count="7" type="stmt"/>
        <line num="18" count="7" type="stmt"/>
        <line num="19" count="22" type="cond" truecount="2" falsecount="0"/>
        <line num="20" count="2" type="stmt"/>
        <line num="21" count="2" type="cond" truecount="2" falsecount="0"/>
        <line num="22" count="20" type="cond" truecount="2" falsecount="0"/>
        <line num="23" count="8" type="stmt"/>
        <line num="24" count="8" type="cond" truecount="2" falsecount="0"/>
        <line num="25" count="12" type="cond" truecount="2" falsecount="0"/>
        <line num="26" count="4" type="stmt"/>
        <line num="27" count="4" type="cond" truecount="1" falsecount="1"/>
        <line num="28" count="8" type="cond" truecount="4" falsecount="0"/>
        <line num="29" count="2" type="stmt"/>
        <line num="30" count="2" type="stmt"/>
        <line num="34" count="63" type="stmt"/>
        <line num="37" count="6" type="stmt"/>
      </file>
    </package>
    <package name="models">
      <metrics statements="51" coveredstatements="50" conditionals="10" coveredconditionals="7" methods="14" coveredmethods="14"/>
      <file name="bodypart.js" path="C:\Users\ThinkPad T470p\Documents\Hacktive8\Phase2\Week3\IP-Tala-HCK83\folderServer\models\bodypart.js">
        <metrics statements="5" coveredstatements="5" conditionals="0" coveredconditionals="0" methods="2" coveredmethods="2"/>
        <line num="2" count="11" type="stmt"/>
        <line num="3" count="11" type="stmt"/>
        <line num="6" count="11" type="stmt"/>
        <line num="9" count="11" type="stmt"/>
        <line num="27" count="11" type="stmt"/>
      </file>
      <file name="equipment.js" path="C:\Users\ThinkPad T470p\Documents\Hacktive8\Phase2\Week3\IP-Tala-HCK83\folderServer\models\equipment.js">
        <metrics statements="5" coveredstatements="5" conditionals="0" coveredconditionals="0" methods="2" coveredmethods="2"/>
        <line num="2" count="11" type="stmt"/>
        <line num="3" count="11" type="stmt"/>
        <line num="6" count="11" type="stmt"/>
        <line num="14" count="11" type="stmt"/>
        <line num="32" count="11" type="stmt"/>
      </file>
      <file name="exercise.js" path="C:\Users\ThinkPad T470p\Documents\Hacktive8\Phase2\Week3\IP-Tala-HCK83\folderServer\models\exercise.js">
        <metrics statements="6" coveredstatements="6" conditionals="0" coveredconditionals="0" methods="2" coveredmethods="2"/>
        <line num="2" count="11" type="stmt"/>
        <line num="3" count="11" type="stmt"/>
        <line num="7" count="11" type="stmt"/>
        <line num="9" count="11" type="stmt"/>
        <line num="12" count="11" type="stmt"/>
        <line num="103" count="11" type="stmt"/>
      </file>
      <file name="index.js" path="C:\Users\ThinkPad T470p\Documents\Hacktive8\Phase2\Week3\IP-Tala-HCK83\folderServer\models\index.js">
        <metrics statements="21" coveredstatements="20" conditionals="10" coveredconditionals="7" methods="3" coveredmethods="3"/>
        <line num="3" count="11" type="stmt"/>
        <line num="4" count="11" type="stmt"/>
        <line num="5" count="11" type="stmt"/>
        <line num="6" count="11" type="stmt"/>
        <line num="7" count="11" type="stmt"/>
        <line num="8" count="11" type="cond" truecount="1" falsecount="1"/>
        <line num="9" count="11" type="stmt"/>
        <line num="10" count="11" type="stmt"/>
        <line num="13" count="11" type="cond" truecount="1" falsecount="1"/>
        <line num="14" count="0" type="stmt"/>
        <line num="16" count="11" type="stmt"/>
        <line num="19" count="11" type="stmt"/>
        <line num="22" count="66" type="stmt"/>
        <line num="30" count="55" type="stmt"/>
        <line num="31" count="55" type="stmt"/>
        <line num="34" count="11" type="stmt"/>
        <line num="35" count="55" type="cond" truecount="1" falsecount="1"/>
        <line num="36" count="55" type="stmt"/>
        <line num="40" count="11" type="stmt"/>
        <line num="41" count="11" type="stmt"/>
        <line num="43" count="11" type="stmt"/>
      </file>
      <file name="user.js" path="C:\Users\ThinkPad T470p\Documents\Hacktive8\Phase2\Week3\IP-Tala-HCK83\folderServer\models\user.js">
        <metrics statements="7" coveredstatements="7" conditionals="0" coveredconditionals="0" methods="3" coveredmethods="3"/>
        <line num="2" count="11" type="stmt"/>
        <line num="3" count="11" type="stmt"/>
        <line num="5" count="11" type="stmt"/>
        <line num="8" count="11" type="stmt"/>
        <line num="11" count="11" type="stmt"/>
        <line num="74" count="68" type="stmt"/>
        <line num="78" count="11" type="stmt"/>
      </file>
      <file name="workoutlist.js" path="C:\Users\ThinkPad T470p\Documents\Hacktive8\Phase2\Week3\IP-Tala-HCK83\folderServer\models\workoutlist.js">
        <metrics statements="7" coveredstatements="7" conditionals="0" coveredconditionals="0" methods="2" coveredmethods="2"/>
        <line num="2" count="11" type="stmt"/>
        <line num="3" count="11" type="stmt"/>
        <line num="6" count="11" type="stmt"/>
        <line num="7" count="11" type="stmt"/>
        <line num="8" count="11" type="stmt"/>
        <line num="17" count="11" type="stmt"/>
        <line num="50" count="11" type="stmt"/>
      </file>
    </package>
    <package name="routes">
      <metrics statements="40" coveredstatements="40" conditionals="0" coveredconditionals="0" methods="0" coveredmethods="0"/>
      <file name="bodyPartRouter.js" path="C:\Users\ThinkPad T470p\Documents\Hacktive8\Phase2\Week3\IP-Tala-HCK83\folderServer\routes\bodyPartRouter.js">
        <metrics statements="5" coveredstatements="5" conditionals="0" coveredconditionals="0" methods="0" coveredmethods="0"/>
        <line num="1" count="6" type="stmt"/>
        <line num="2" count="6" type="stmt"/>
        <line num="3" count="6" type="stmt"/>
        <line num="6" count="6" type="stmt"/>
        <line num="8" count="6" type="stmt"/>
      </file>
      <file name="equipmentRouter.js" path="C:\Users\ThinkPad T470p\Documents\Hacktive8\Phase2\Week3\IP-Tala-HCK83\folderServer\routes\equipmentRouter.js">
        <metrics statements="5" coveredstatements="5" conditionals="0" coveredconditionals="0" methods="0" coveredmethods="0"/>
        <line num="1" count="6" type="stmt"/>
        <line num="2" count="6" type="stmt"/>
        <line num="3" count="6" type="stmt"/>
        <line num="6" count="6" type="stmt"/>
        <line num="8" count="6" type="stmt"/>
      </file>
      <file name="index.js" path="C:\Users\ThinkPad T470p\Documents\Hacktive8\Phase2\Week3\IP-Tala-HCK83\folderServer\routes\index.js">
        <metrics statements="13" coveredstatements="13" conditionals="0" coveredconditionals="0" methods="0" coveredmethods="0"/>
        <line num="1" count="6" type="stmt"/>
        <line num="2" count="6" type="stmt"/>
        <line num="3" count="6" type="stmt"/>
        <line num="4" count="6" type="stmt"/>
        <line num="5" count="6" type="stmt"/>
        <line num="6" count="6" type="stmt"/>
        <line num="7" count="6" type="stmt"/>
        <line num="9" count="6" type="stmt"/>
        <line num="12" count="6" type="stmt"/>
        <line num="13" count="6" type="stmt"/>
        <line num="14" count="6" type="stmt"/>
        <line num="15" count="6" type="stmt"/>
        <line num="17" count="6" type="stmt"/>
      </file>
      <file name="userRouter.js" path="C:\Users\ThinkPad T470p\Documents\Hacktive8\Phase2\Week3\IP-Tala-HCK83\folderServer\routes\userRouter.js">
        <metrics statements="8" coveredstatements="8" conditionals="0" coveredconditionals="0" methods="0" coveredmethods="0"/>
        <line num="1" count="6" type="stmt"/>
        <line num="2" count="6" type="stmt"/>
        <line num="3" count="6" type="stmt"/>
        <line num="5" count="6" type="stmt"/>
        <line num="6" count="6" type="stmt"/>
        <line num="7" count="6" type="stmt"/>
        <line num="8" count="6" type="stmt"/>
        <line num="10" count="6" type="stmt"/>
      </file>
      <file name="workoutListRouter.js" path="C:\Users\ThinkPad T470p\Documents\Hacktive8\Phase2\Week3\IP-Tala-HCK83\folderServer\routes\workoutListRouter.js">
        <metrics statements="9" coveredstatements="9" conditionals="0" coveredconditionals="0" methods="0" coveredmethods="0"/>
        <line num="1" count="6" type="stmt"/>
        <line num="2" count="6" type="stmt"/>
        <line num="3" count="6" type="stmt"/>
        <line num="6" count="6" type="stmt"/>
        <line num="7" count="6" type="stmt"/>
        <line num="8" count="6" type="stmt"/>
        <line num="9" count="6" type="stmt"/>
        <line num="10" count="6" type="stmt"/>
        <line num="12" count="6" type="stmt"/>
      </file>
    </package>
  </project>
</coverage>
