{"C:\\Users\\ThinkPad T470p\\Documents\\Hacktive8\\Phase2\\Week3\\IP-Tala-HCK83\\folderServer\\controllers\\bodyPartController.js": {"path":"C:\\Users\\ThinkPad T470p\\Documents\\Hacktive8\\Phase2\\Week3\\IP-Tala-HCK83\\folderServer\\controllers\\bodyPartController.js","statementMap":{"0":{"start":{"line":1,"column":21},"end":{"line":1,"column":41}},"1":{"start":{"line":5,"column":8},"end":{"line":12,"column":9}},"2":{"start":{"line":6,"column":30},"end":{"line":8,"column":14}},"3":{"start":{"line":9,"column":12},"end":{"line":9,"column":44}},"4":{"start":{"line":11,"column":12},"end":{"line":11,"column":24}},"5":{"start":{"line":16,"column":0},"end":{"line":16,"column":36}}},"fnMap":{"0":{"name":"(anonymous_0)","decl":{"start":{"line":4,"column":4},"end":{"line":4,"column":5}},"loc":{"start":{"line":4,"column":49},"end":{"line":13,"column":5}},"line":4}},"branchMap":{},"s":{"0":6,"1":3,"2":3,"3":2,"4":1,"5":6},"f":{"0":3},"b":{},"_coverageSchema":"1a1c01bbd47fc00a2c39e90264f33305004495a9","hash":"4fc517609215f071a0889197b3d38473aba150e8"}
,"C:\\Users\\ThinkPad T470p\\Documents\\Hacktive8\\Phase2\\Week3\\IP-Tala-HCK83\\folderServer\\controllers\\equipmentController.js": {"path":"C:\\Users\\ThinkPad T470p\\Documents\\Hacktive8\\Phase2\\Week3\\IP-Tala-HCK83\\folderServer\\controllers\\equipmentController.js","statementMap":{"0":{"start":{"line":1,"column":22},"end":{"line":1,"column":42}},"1":{"start":{"line":5,"column":8},"end":{"line":12,"column":9}},"2":{"start":{"line":6,"column":31},"end":{"line":8,"column":14}},"3":{"start":{"line":9,"column":12},"end":{"line":9,"column":45}},"4":{"start":{"line":11,"column":12},"end":{"line":11,"column":24}},"5":{"start":{"line":16,"column":0},"end":{"line":16,"column":37}}},"fnMap":{"0":{"name":"(anonymous_0)","decl":{"start":{"line":4,"column":4},"end":{"line":4,"column":5}},"loc":{"start":{"line":4,"column":50},"end":{"line":13,"column":5}},"line":4}},"branchMap":{},"s":{"0":6,"1":3,"2":3,"3":2,"4":1,"5":6},"f":{"0":3},"b":{},"_coverageSchema":"1a1c01bbd47fc00a2c39e90264f33305004495a9","hash":"34b795a3771a331199b413d41b9c629ea47af676"}
,"C:\\Users\\ThinkPad T470p\\Documents\\Hacktive8\\Phase2\\Week3\\IP-Tala-HCK83\\folderServer\\controllers\\userController.js": {"path":"C:\\Users\\ThinkPad T470p\\Documents\\Hacktive8\\Phase2\\Week3\\IP-Tala-HCK83\\folderServer\\controllers\\userController.js","statementMap":{"0":{"start":{"line":1,"column":17},"end":{"line":1,"column":37}},"1":{"start":{"line":2,"column":28},"end":{"line":2,"column":56}},"2":{"start":{"line":3,"column":26},"end":{"line":3,"column":51}},"3":{"start":{"line":4,"column":25},"end":{"line":4,"column":55}},"4":{"start":{"line":5,"column":15},"end":{"line":5,"column":35}},"5":{"start":{"line":6,"column":0},"end":{"line":6,"column":27}},"6":{"start":{"line":7,"column":14},"end":{"line":7,"column":30}},"7":{"start":{"line":9,"column":15},"end":{"line":9,"column":61}},"8":{"start":{"line":13,"column":4},"end":{"line":31,"column":5}},"9":{"start":{"line":14,"column":44},"end":{"line":14,"column":52}},"10":{"start":{"line":15,"column":6},"end":{"line":20,"column":7}},"11":{"start":{"line":16,"column":8},"end":{"line":19,"column":10}},"12":{"start":{"line":23,"column":22},"end":{"line":23,"column":70}},"13":{"start":{"line":24,"column":6},"end":{"line":28,"column":9}},"14":{"start":{"line":30,"column":6},"end":{"line":30,"column":18}},"15":{"start":{"line":35,"column":4},"end":{"line":66,"column":5}},"16":{"start":{"line":36,"column":34},"end":{"line":36,"column":42}},"17":{"start":{"line":37,"column":6},"end":{"line":42,"column":7}},"18":{"start":{"line":38,"column":8},"end":{"line":41,"column":10}},"19":{"start":{"line":44,"column":19},"end":{"line":44,"column":59}},"20":{"start":{"line":45,"column":6},"end":{"line":47,"column":7}},"21":{"start":{"line":46,"column":8},"end":{"line":46,"column":77}},"22":{"start":{"line":49,"column":30},"end":{"line":49,"column":70}},"23":{"start":{"line":50,"column":6},"end":{"line":52,"column":7}},"24":{"start":{"line":51,"column":8},"end":{"line":51,"column":77}},"25":{"start":{"line":54,"column":22},"end":{"line":58,"column":7}},"26":{"start":{"line":59,"column":27},"end":{"line":59,"column":49}},"27":{"start":{"line":61,"column":6},"end":{"line":63,"column":76}},"28":{"start":{"line":65,"column":6},"end":{"line":65,"column":18}},"29":{"start":{"line":70,"column":4},"end":{"line":120,"column":5}},"30":{"start":{"line":72,"column":26},"end":{"line":72,"column":34}},"31":{"start":{"line":74,"column":6},"end":{"line":76,"column":7}},"32":{"start":{"line":75,"column":8},"end":{"line":75,"column":77}},"33":{"start":{"line":78,"column":21},"end":{"line":81,"column":8}},"34":{"start":{"line":83,"column":22},"end":{"line":83,"column":41}},"35":{"start":{"line":84,"column":6},"end":{"line":84,"column":27}},"36":{"start":{"line":87,"column":17},"end":{"line":87,"column":72}},"37":{"start":{"line":89,"column":6},"end":{"line":100,"column":7}},"38":{"start":{"line":91,"column":27},"end":{"line":91,"column":51}},"39":{"start":{"line":92,"column":34},"end":{"line":92,"column":47}},"40":{"start":{"line":94,"column":8},"end":{"line":99,"column":11}},"41":{"start":{"line":103,"column":27},"end":{"line":107,"column":7}},"42":{"start":{"line":108,"column":27},"end":{"line":108,"column":54}},"43":{"start":{"line":110,"column":6},"end":{"line":116,"column":9}},"44":{"start":{"line":118,"column":6},"end":{"line":118,"column":50}},"45":{"start":{"line":119,"column":6},"end":{"line":119,"column":18}},"46":{"start":{"line":127,"column":4},"end":{"line":232,"column":5}},"47":{"start":{"line":128,"column":23},"end":{"line":128,"column":31}},"48":{"start":{"line":130,"column":6},"end":{"line":130,"column":49}},"49":{"start":{"line":131,"column":6},"end":{"line":131,"column":69}},"50":{"start":{"line":132,"column":6},"end":{"line":132,"column":97}},"51":{"start":{"line":134,"column":6},"end":{"line":136,"column":7}},"52":{"start":{"line":135,"column":8},"end":{"line":135,"column":87}},"53":{"start":{"line":138,"column":6},"end":{"line":140,"column":7}},"54":{"start":{"line":139,"column":8},"end":{"line":139,"column":83}},"55":{"start":{"line":143,"column":6},"end":{"line":143,"column":53}},"56":{"start":{"line":144,"column":28},"end":{"line":149,"column":8}},"57":{"start":{"line":151,"column":6},"end":{"line":151,"column":64}},"58":{"start":{"line":152,"column":53},"end":{"line":152,"column":71}},"59":{"start":{"line":155,"column":6},"end":{"line":157,"column":7}},"60":{"start":{"line":156,"column":8},"end":{"line":156,"column":82}},"61":{"start":{"line":160,"column":21},"end":{"line":160,"column":41}},"62":{"start":{"line":162,"column":17},"end":{"line":169,"column":8}},"63":{"start":{"line":171,"column":6},"end":{"line":200,"column":7}},"64":{"start":{"line":173,"column":27},"end":{"line":174,"column":88}},"65":{"start":{"line":177,"column":23},"end":{"line":177,"column":35}},"66":{"start":{"line":178,"column":22},"end":{"line":178,"column":23}},"67":{"start":{"line":180,"column":8},"end":{"line":183,"column":9}},"68":{"start":{"line":181,"column":10},"end":{"line":181,"column":50}},"69":{"start":{"line":182,"column":10},"end":{"line":182,"column":20}},"70":{"start":{"line":185,"column":22},"end":{"line":185,"column":70}},"71":{"start":{"line":187,"column":8},"end":{"line":193,"column":11}},"72":{"start":{"line":196,"column":8},"end":{"line":199,"column":9}},"73":{"start":{"line":197,"column":10},"end":{"line":197,"column":48}},"74":{"start":{"line":198,"column":10},"end":{"line":198,"column":28}},"75":{"start":{"line":203,"column":27},"end":{"line":207,"column":7}},"76":{"start":{"line":208,"column":27},"end":{"line":208,"column":54}},"77":{"start":{"line":210,"column":6},"end":{"line":216,"column":9}},"78":{"start":{"line":218,"column":6},"end":{"line":222,"column":9}},"79":{"start":{"line":224,"column":6},"end":{"line":229,"column":7}},"80":{"start":{"line":225,"column":8},"end":{"line":228,"column":11}},"81":{"start":{"line":231,"column":6},"end":{"line":231,"column":18}},"82":{"start":{"line":236,"column":0},"end":{"line":236,"column":32}}},"fnMap":{"0":{"name":"(anonymous_0)","decl":{"start":{"line":12,"column":2},"end":{"line":12,"column":3}},"loc":{"start":{"line":12,"column":40},"end":{"line":32,"column":3}},"line":12},"1":{"name":"(anonymous_1)","decl":{"start":{"line":34,"column":2},"end":{"line":34,"column":3}},"loc":{"start":{"line":34,"column":37},"end":{"line":67,"column":3}},"line":34},"2":{"name":"(anonymous_2)","decl":{"start":{"line":69,"column":2},"end":{"line":69,"column":3}},"loc":{"start":{"line":69,"column":43},"end":{"line":121,"column":3}},"line":69},"3":{"name":"(anonymous_3)","decl":{"start":{"line":126,"column":2},"end":{"line":126,"column":3}},"loc":{"start":{"line":126,"column":43},"end":{"line":233,"column":3}},"line":126}},"branchMap":{"0":{"loc":{"start":{"line":15,"column":6},"end":{"line":20,"column":7}},"type":"if","locations":[{"start":{"line":15,"column":6},"end":{"line":20,"column":7}},{"start":{},"end":{}}],"line":15},"1":{"loc":{"start":{"line":15,"column":10},"end":{"line":15,"column":42}},"type":"binary-expr","locations":[{"start":{"line":15,"column":10},"end":{"line":15,"column":19}},{"start":{"line":15,"column":23},"end":{"line":15,"column":29}},{"start":{"line":15,"column":33},"end":{"line":15,"column":42}}],"line":15},"2":{"loc":{"start":{"line":37,"column":6},"end":{"line":42,"column":7}},"type":"if","locations":[{"start":{"line":37,"column":6},"end":{"line":42,"column":7}},{"start":{},"end":{}}],"line":37},"3":{"loc":{"start":{"line":37,"column":10},"end":{"line":37,"column":29}},"type":"binary-expr","locations":[{"start":{"line":37,"column":10},"end":{"line":37,"column":16}},{"start":{"line":37,"column":20},"end":{"line":37,"column":29}}],"line":37},"4":{"loc":{"start":{"line":45,"column":6},"end":{"line":47,"column":7}},"type":"if","locations":[{"start":{"line":45,"column":6},"end":{"line":47,"column":7}},{"start":{},"end":{}}],"line":45},"5":{"loc":{"start":{"line":50,"column":6},"end":{"line":52,"column":7}},"type":"if","locations":[{"start":{"line":50,"column":6},"end":{"line":52,"column":7}},{"start":{},"end":{}}],"line":50},"6":{"loc":{"start":{"line":74,"column":6},"end":{"line":76,"column":7}},"type":"if","locations":[{"start":{"line":74,"column":6},"end":{"line":76,"column":7}},{"start":{},"end":{}}],"line":74},"7":{"loc":{"start":{"line":89,"column":6},"end":{"line":100,"column":7}},"type":"if","locations":[{"start":{"line":89,"column":6},"end":{"line":100,"column":7}},{"start":{},"end":{}}],"line":89},"8":{"loc":{"start":{"line":132,"column":43},"end":{"line":132,"column":95}},"type":"cond-expr","locations":[{"start":{"line":132,"column":78},"end":{"line":132,"column":83}},{"start":{"line":132,"column":86},"end":{"line":132,"column":95}}],"line":132},"9":{"loc":{"start":{"line":134,"column":6},"end":{"line":136,"column":7}},"type":"if","locations":[{"start":{"line":134,"column":6},"end":{"line":136,"column":7}},{"start":{},"end":{}}],"line":134},"10":{"loc":{"start":{"line":138,"column":6},"end":{"line":140,"column":7}},"type":"if","locations":[{"start":{"line":138,"column":6},"end":{"line":140,"column":7}},{"start":{},"end":{}}],"line":138},"11":{"loc":{"start":{"line":138,"column":10},"end":{"line":138,"column":76}},"type":"binary-expr","locations":[{"start":{"line":138,"column":10},"end":{"line":138,"column":39}},{"start":{"line":138,"column":43},"end":{"line":138,"column":76}}],"line":138},"12":{"loc":{"start":{"line":155,"column":6},"end":{"line":157,"column":7}},"type":"if","locations":[{"start":{"line":155,"column":6},"end":{"line":157,"column":7}},{"start":{},"end":{}}],"line":155},"13":{"loc":{"start":{"line":155,"column":10},"end":{"line":155,"column":33}},"type":"binary-expr","locations":[{"start":{"line":155,"column":10},"end":{"line":155,"column":18}},{"start":{"line":155,"column":22},"end":{"line":155,"column":33}}],"line":155},"14":{"loc":{"start":{"line":165,"column":21},"end":{"line":165,"column":42}},"type":"binary-expr","locations":[{"start":{"line":165,"column":21},"end":{"line":165,"column":34}},{"start":{"line":165,"column":38},"end":{"line":165,"column":42}}],"line":165},"15":{"loc":{"start":{"line":171,"column":6},"end":{"line":200,"column":7}},"type":"if","locations":[{"start":{"line":171,"column":6},"end":{"line":200,"column":7}},{"start":{"line":194,"column":13},"end":{"line":200,"column":7}}],"line":171},"16":{"loc":{"start":{"line":173,"column":27},"end":{"line":174,"column":88}},"type":"binary-expr","locations":[{"start":{"line":173,"column":27},"end":{"line":173,"column":43}},{"start":{"line":174,"column":22},"end":{"line":174,"column":88}}],"line":173},"17":{"loc":{"start":{"line":174,"column":25},"end":{"line":174,"column":52}},"type":"binary-expr","locations":[{"start":{"line":174,"column":25},"end":{"line":174,"column":42}},{"start":{"line":174,"column":46},"end":{"line":174,"column":52}}],"line":174},"18":{"loc":{"start":{"line":174,"column":56},"end":{"line":174,"column":86}},"type":"binary-expr","locations":[{"start":{"line":174,"column":56},"end":{"line":174,"column":72}},{"start":{"line":174,"column":76},"end":{"line":174,"column":86}}],"line":174},"19":{"loc":{"start":{"line":185,"column":22},"end":{"line":185,"column":70}},"type":"binary-expr","locations":[{"start":{"line":185,"column":22},"end":{"line":185,"column":35}},{"start":{"line":185,"column":39},"end":{"line":185,"column":70}}],"line":185},"20":{"loc":{"start":{"line":196,"column":8},"end":{"line":199,"column":9}},"type":"if","locations":[{"start":{"line":196,"column":8},"end":{"line":199,"column":9}},{"start":{},"end":{}}],"line":196},"21":{"loc":{"start":{"line":224,"column":6},"end":{"line":229,"column":7}},"type":"if","locations":[{"start":{"line":224,"column":6},"end":{"line":229,"column":7}},{"start":{},"end":{}}],"line":224},"22":{"loc":{"start":{"line":224,"column":10},"end":{"line":224,"column":47}},"type":"binary-expr","locations":[{"start":{"line":224,"column":10},"end":{"line":224,"column":24}},{"start":{"line":224,"column":28},"end":{"line":224,"column":47}}],"line":224},"23":{"loc":{"start":{"line":227,"column":40},"end":{"line":227,"column":106}},"type":"binary-expr","locations":[{"start":{"line":227,"column":40},"end":{"line":227,"column":67}},{"start":{"line":227,"column":71},"end":{"line":227,"column":106}}],"line":227}},"s":{"0":6,"1":6,"2":6,"3":6,"4":6,"5":6,"6":6,"7":6,"8":9,"9":9,"10":9,"11":5,"12":4,"13":2,"14":7,"15":6,"16":6,"17":6,"18":2,"19":4,"20":4,"21":2,"22":2,"23":2,"24":1,"25":1,"26":1,"27":1,"28":5,"29":4,"30":4,"31":4,"32":1,"33":3,"34":2,"35":2,"36":2,"37":2,"38":2,"39":2,"40":2,"41":2,"42":2,"43":2,"44":2,"45":2,"46":7,"47":7,"48":7,"49":7,"50":7,"51":7,"52":1,"53":6,"54":1,"55":5,"56":5,"57":4,"58":4,"59":4,"60":1,"61":3,"62":3,"63":3,"64":2,"65":2,"66":2,"67":2,"68":1,"69":1,"70":2,"71":2,"72":1,"73":1,"74":1,"75":3,"76":3,"77":3,"78":4,"79":4,"80":1,"81":3,"82":6},"f":{"0":9,"1":6,"2":4,"3":7},"b":{"0":[5,4],"1":[9,7,5],"2":[2,4],"3":[6,5],"4":[2,2],"5":[1,1],"6":[1,3],"7":[2,0],"8":[6,1],"9":[1,6],"10":[1,5],"11":[6,5],"12":[1,3],"13":[4,3],"14":[3,0],"15":[2,1],"16":[2,0],"17":[0,0],"18":[0,0],"19":[2,0],"20":[1,0],"21":[1,3],"22":[4,1],"23":[1,0]},"_coverageSchema":"1a1c01bbd47fc00a2c39e90264f33305004495a9","hash":"f94b0a7a390a5001987da8ec24047850e8a73714"}
,"C:\\Users\\ThinkPad T470p\\Documents\\Hacktive8\\Phase2\\Week3\\IP-Tala-HCK83\\folderServer\\controllers\\workoutListController.js": {"path":"C:\\Users\\ThinkPad T470p\\Documents\\Hacktive8\\Phase2\\Week3\\IP-Tala-HCK83\\folderServer\\controllers\\workoutListController.js","statementMap":{"0":{"start":{"line":7,"column":4},"end":{"line":7,"column":24}},"1":{"start":{"line":8,"column":22},"end":{"line":8,"column":42}},"2":{"start":{"line":9,"column":28},"end":{"line":9,"column":60}},"3":{"start":{"line":10,"column":14},"end":{"line":10,"column":30}},"4":{"start":{"line":11,"column":24},"end":{"line":11,"column":48}},"5":{"start":{"line":15,"column":4},"end":{"line":106,"column":5}},"6":{"start":{"line":16,"column":6},"end":{"line":16,"column":64}},"7":{"start":{"line":17,"column":6},"end":{"line":17,"column":43}},"8":{"start":{"line":18,"column":21},"end":{"line":18,"column":32}},"9":{"start":{"line":19,"column":66},"end":{"line":19,"column":74}},"10":{"start":{"line":21,"column":6},"end":{"line":23,"column":7}},"11":{"start":{"line":22,"column":8},"end":{"line":22,"column":72}},"12":{"start":{"line":24,"column":6},"end":{"line":33,"column":7}},"13":{"start":{"line":29,"column":8},"end":{"line":32,"column":10}},"14":{"start":{"line":36,"column":23},"end":{"line":36,"column":58}},"15":{"start":{"line":37,"column":6},"end":{"line":39,"column":7}},"16":{"start":{"line":38,"column":8},"end":{"line":38,"column":67}},"17":{"start":{"line":42,"column":33},"end":{"line":44,"column":8}},"18":{"start":{"line":45,"column":6},"end":{"line":47,"column":7}},"19":{"start":{"line":46,"column":8},"end":{"line":46,"column":80}},"20":{"start":{"line":50,"column":29},"end":{"line":54,"column":8}},"21":{"start":{"line":57,"column":29},"end":{"line":57,"column":68}},"22":{"start":{"line":57,"column":60},"end":{"line":57,"column":67}},"23":{"start":{"line":58,"column":6},"end":{"line":58,"column":59}},"24":{"start":{"line":59,"column":33},"end":{"line":62,"column":7}},"25":{"start":{"line":63,"column":6},"end":{"line":63,"column":62}},"26":{"start":{"line":65,"column":6},"end":{"line":70,"column":7}},"27":{"start":{"line":66,"column":8},"end":{"line":69,"column":10}},"28":{"start":{"line":73,"column":32},"end":{"line":73,"column":34}},"29":{"start":{"line":74,"column":6},"end":{"line":82,"column":9}},"30":{"start":{"line":76,"column":31},"end":{"line":76,"column":64}},"31":{"start":{"line":77,"column":8},"end":{"line":81,"column":11}},"32":{"start":{"line":84,"column":6},"end":{"line":84,"column":51}},"33":{"start":{"line":87,"column":31},"end":{"line":100,"column":8}},"34":{"start":{"line":102,"column":6},"end":{"line":102,"column":45}},"35":{"start":{"line":104,"column":6},"end":{"line":104,"column":58}},"36":{"start":{"line":105,"column":6},"end":{"line":105,"column":18}},"37":{"start":{"line":110,"column":4},"end":{"line":132,"column":5}},"38":{"start":{"line":111,"column":21},"end":{"line":111,"column":32}},"39":{"start":{"line":112,"column":27},"end":{"line":128,"column":8}},"40":{"start":{"line":129,"column":6},"end":{"line":129,"column":41}},"41":{"start":{"line":131,"column":6},"end":{"line":131,"column":18}},"42":{"start":{"line":136,"column":4},"end":{"line":169,"column":5}},"43":{"start":{"line":137,"column":21},"end":{"line":137,"column":31}},"44":{"start":{"line":138,"column":21},"end":{"line":138,"column":32}},"45":{"start":{"line":140,"column":26},"end":{"line":156,"column":8}},"46":{"start":{"line":158,"column":6},"end":{"line":163,"column":7}},"47":{"start":{"line":159,"column":8},"end":{"line":162,"column":10}},"48":{"start":{"line":165,"column":6},"end":{"line":165,"column":69}},"49":{"start":{"line":166,"column":6},"end":{"line":166,"column":40}},"50":{"start":{"line":168,"column":6},"end":{"line":168,"column":18}},"51":{"start":{"line":174,"column":4},"end":{"line":219,"column":5}},"52":{"start":{"line":175,"column":21},"end":{"line":175,"column":32}},"53":{"start":{"line":176,"column":44},"end":{"line":176,"column":54}},"54":{"start":{"line":177,"column":36},"end":{"line":177,"column":44}},"55":{"start":{"line":179,"column":6},"end":{"line":184,"column":7}},"56":{"start":{"line":180,"column":8},"end":{"line":183,"column":10}},"57":{"start":{"line":186,"column":26},"end":{"line":188,"column":8}},"58":{"start":{"line":190,"column":6},"end":{"line":195,"column":7}},"59":{"start":{"line":191,"column":8},"end":{"line":194,"column":10}},"60":{"start":{"line":197,"column":23},"end":{"line":199,"column":8}},"61":{"start":{"line":201,"column":6},"end":{"line":206,"column":7}},"62":{"start":{"line":202,"column":8},"end":{"line":205,"column":10}},"63":{"start":{"line":209,"column":6},"end":{"line":209,"column":37}},"64":{"start":{"line":209,"column":16},"end":{"line":209,"column":37}},"65":{"start":{"line":210,"column":6},"end":{"line":210,"column":58}},"66":{"start":{"line":210,"column":23},"end":{"line":210,"column":58}},"67":{"start":{"line":212,"column":6},"end":{"line":212,"column":28}},"68":{"start":{"line":214,"column":6},"end":{"line":216,"column":70}},"69":{"start":{"line":218,"column":6},"end":{"line":218,"column":18}},"70":{"start":{"line":223,"column":4},"end":{"line":247,"column":5}},"71":{"start":{"line":224,"column":21},"end":{"line":224,"column":32}},"72":{"start":{"line":225,"column":21},"end":{"line":225,"column":31}},"73":{"start":{"line":227,"column":26},"end":{"line":229,"column":8}},"74":{"start":{"line":231,"column":6},"end":{"line":236,"column":7}},"75":{"start":{"line":232,"column":8},"end":{"line":235,"column":10}},"76":{"start":{"line":239,"column":6},"end":{"line":239,"column":63}},"77":{"start":{"line":242,"column":6},"end":{"line":242,"column":34}},"78":{"start":{"line":244,"column":6},"end":{"line":244,"column":77}},"79":{"start":{"line":246,"column":6},"end":{"line":246,"column":18}},"80":{"start":{"line":251,"column":0},"end":{"line":251,"column":39}},"81":{"start":{"line":255,"column":2},"end":{"line":259,"column":4}},"82":{"start":{"line":261,"column":24},"end":{"line":261,"column":49}},"83":{"start":{"line":263,"column":17},"end":{"line":280,"column":2}},"84":{"start":{"line":283,"column":2},"end":{"line":331,"column":3}},"85":{"start":{"line":284,"column":4},"end":{"line":284,"column":43}},"86":{"start":{"line":285,"column":4},"end":{"line":285,"column":44}},"87":{"start":{"line":288,"column":31},"end":{"line":288,"column":37}},"88":{"start":{"line":290,"column":4},"end":{"line":299,"column":5}},"89":{"start":{"line":291,"column":6},"end":{"line":294,"column":8}},"90":{"start":{"line":295,"column":6},"end":{"line":298,"column":8}},"91":{"start":{"line":302,"column":4},"end":{"line":316,"column":5}},"92":{"start":{"line":303,"column":6},"end":{"line":315,"column":7}},"93":{"start":{"line":310,"column":8},"end":{"line":310,"column":62}},"94":{"start":{"line":311,"column":8},"end":{"line":314,"column":10}},"95":{"start":{"line":318,"column":4},"end":{"line":318,"column":42}},"96":{"start":{"line":320,"column":4},"end":{"line":320,"column":53}},"97":{"start":{"line":321,"column":4},"end":{"line":326,"column":5}},"98":{"start":{"line":322,"column":6},"end":{"line":325,"column":8}},"99":{"start":{"line":327,"column":4},"end":{"line":330,"column":6}}},"fnMap":{"0":{"name":"(anonymous_0)","decl":{"start":{"line":14,"column":2},"end":{"line":14,"column":3}},"loc":{"start":{"line":14,"column":49},"end":{"line":107,"column":3}},"line":14},"1":{"name":"(anonymous_1)","decl":{"start":{"line":57,"column":52},"end":{"line":57,"column":53}},"loc":{"start":{"line":57,"column":60},"end":{"line":57,"column":67}},"line":57},"2":{"name":"(anonymous_2)","decl":{"start":{"line":74,"column":33},"end":{"line":74,"column":34}},"loc":{"start":{"line":74,"column":48},"end":{"line":82,"column":7}},"line":74},"3":{"name":"(anonymous_3)","decl":{"start":{"line":109,"column":2},"end":{"line":109,"column":3}},"loc":{"start":{"line":109,"column":50},"end":{"line":133,"column":3}},"line":109},"4":{"name":"(anonymous_4)","decl":{"start":{"line":135,"column":2},"end":{"line":135,"column":3}},"loc":{"start":{"line":135,"column":50},"end":{"line":170,"column":3}},"line":135},"5":{"name":"(anonymous_5)","decl":{"start":{"line":172,"column":2},"end":{"line":172,"column":3}},"loc":{"start":{"line":172,"column":57},"end":{"line":220,"column":3}},"line":172},"6":{"name":"(anonymous_6)","decl":{"start":{"line":222,"column":2},"end":{"line":222,"column":3}},"loc":{"start":{"line":222,"column":49},"end":{"line":248,"column":3}},"line":222},"7":{"name":"generateExercisesFromAI","decl":{"start":{"line":254,"column":15},"end":{"line":254,"column":38}},"loc":{"start":{"line":254,"column":69},"end":{"line":332,"column":1}},"line":254}},"branchMap":{"0":{"loc":{"start":{"line":21,"column":6},"end":{"line":23,"column":7}},"type":"if","locations":[{"start":{"line":21,"column":6},"end":{"line":23,"column":7}},{"start":{},"end":{}}],"line":21},"1":{"loc":{"start":{"line":24,"column":6},"end":{"line":33,"column":7}},"type":"if","locations":[{"start":{"line":24,"column":6},"end":{"line":33,"column":7}},{"start":{},"end":{}}],"line":24},"2":{"loc":{"start":{"line":25,"column":8},"end":{"line":27,"column":31}},"type":"binary-expr","locations":[{"start":{"line":25,"column":8},"end":{"line":25,"column":21}},{"start":{"line":26,"column":8},"end":{"line":26,"column":36}},{"start":{"line":27,"column":8},"end":{"line":27,"column":31}}],"line":25},"3":{"loc":{"start":{"line":37,"column":6},"end":{"line":39,"column":7}},"type":"if","locations":[{"start":{"line":37,"column":6},"end":{"line":39,"column":7}},{"start":{},"end":{}}],"line":37},"4":{"loc":{"start":{"line":45,"column":6},"end":{"line":47,"column":7}},"type":"if","locations":[{"start":{"line":45,"column":6},"end":{"line":47,"column":7}},{"start":{},"end":{}}],"line":45},"5":{"loc":{"start":{"line":65,"column":6},"end":{"line":70,"column":7}},"type":"if","locations":[{"start":{"line":65,"column":6},"end":{"line":70,"column":7}},{"start":{},"end":{}}],"line":65},"6":{"loc":{"start":{"line":65,"column":10},"end":{"line":65,"column":64}},"type":"binary-expr","locations":[{"start":{"line":65,"column":10},"end":{"line":65,"column":29}},{"start":{"line":65,"column":33},"end":{"line":65,"column":64}}],"line":65},"7":{"loc":{"start":{"line":158,"column":6},"end":{"line":163,"column":7}},"type":"if","locations":[{"start":{"line":158,"column":6},"end":{"line":163,"column":7}},{"start":{},"end":{}}],"line":158},"8":{"loc":{"start":{"line":179,"column":6},"end":{"line":184,"column":7}},"type":"if","locations":[{"start":{"line":179,"column":6},"end":{"line":184,"column":7}},{"start":{},"end":{}}],"line":179},"9":{"loc":{"start":{"line":179,"column":10},"end":{"line":179,"column":31}},"type":"binary-expr","locations":[{"start":{"line":179,"column":10},"end":{"line":179,"column":15}},{"start":{"line":179,"column":19},"end":{"line":179,"column":31}}],"line":179},"10":{"loc":{"start":{"line":190,"column":6},"end":{"line":195,"column":7}},"type":"if","locations":[{"start":{"line":190,"column":6},"end":{"line":195,"column":7}},{"start":{},"end":{}}],"line":190},"11":{"loc":{"start":{"line":201,"column":6},"end":{"line":206,"column":7}},"type":"if","locations":[{"start":{"line":201,"column":6},"end":{"line":206,"column":7}},{"start":{},"end":{}}],"line":201},"12":{"loc":{"start":{"line":209,"column":6},"end":{"line":209,"column":37}},"type":"if","locations":[{"start":{"line":209,"column":6},"end":{"line":209,"column":37}},{"start":{},"end":{}}],"line":209},"13":{"loc":{"start":{"line":210,"column":6},"end":{"line":210,"column":58}},"type":"if","locations":[{"start":{"line":210,"column":6},"end":{"line":210,"column":58}},{"start":{},"end":{}}],"line":210},"14":{"loc":{"start":{"line":231,"column":6},"end":{"line":236,"column":7}},"type":"if","locations":[{"start":{"line":231,"column":6},"end":{"line":236,"column":7}},{"start":{},"end":{}}],"line":231},"15":{"loc":{"start":{"line":290,"column":4},"end":{"line":299,"column":5}},"type":"if","locations":[{"start":{"line":290,"column":4},"end":{"line":299,"column":5}},{"start":{},"end":{}}],"line":290},"16":{"loc":{"start":{"line":290,"column":8},"end":{"line":290,"column":77}},"type":"binary-expr","locations":[{"start":{"line":290,"column":8},"end":{"line":290,"column":42}},{"start":{"line":290,"column":46},"end":{"line":290,"column":77}}],"line":290},"17":{"loc":{"start":{"line":303,"column":6},"end":{"line":315,"column":7}},"type":"if","locations":[{"start":{"line":303,"column":6},"end":{"line":315,"column":7}},{"start":{},"end":{}}],"line":303},"18":{"loc":{"start":{"line":304,"column":8},"end":{"line":308,"column":22}},"type":"binary-expr","locations":[{"start":{"line":304,"column":8},"end":{"line":304,"column":16}},{"start":{"line":305,"column":8},"end":{"line":305,"column":17}},{"start":{"line":306,"column":8},"end":{"line":306,"column":16}},{"start":{"line":307,"column":8},"end":{"line":307,"column":23}},{"start":{"line":308,"column":8},"end":{"line":308,"column":22}}],"line":304},"19":{"loc":{"start":{"line":321,"column":4},"end":{"line":326,"column":5}},"type":"if","locations":[{"start":{"line":321,"column":4},"end":{"line":326,"column":5}},{"start":{},"end":{}}],"line":321}},"s":{"0":6,"1":6,"2":6,"3":6,"4":6,"5":11,"6":11,"7":11,"8":11,"9":11,"10":11,"11":1,"12":10,"13":2,"14":8,"15":8,"16":2,"17":6,"18":6,"19":1,"20":5,"21":5,"22":6,"23":5,"24":5,"25":1,"26":1,"27":0,"28":1,"29":1,"30":1,"31":1,"32":1,"33":1,"34":1,"35":10,"36":10,"37":2,"38":2,"39":2,"40":2,"41":0,"42":3,"43":3,"44":3,"45":3,"46":2,"47":1,"48":1,"49":1,"50":2,"51":4,"52":4,"53":4,"54":4,"55":4,"56":1,"57":3,"58":3,"59":1,"60":2,"61":2,"62":1,"63":1,"64":1,"65":1,"66":1,"67":1,"68":1,"69":3,"70":2,"71":2,"72":2,"73":2,"74":2,"75":1,"76":1,"77":1,"78":1,"79":1,"80":6,"81":5,"82":5,"83":5,"84":5,"85":5,"86":5,"87":5,"88":5,"89":3,"90":3,"91":2,"92":2,"93":1,"94":1,"95":1,"96":4,"97":4,"98":0,"99":4},"f":{"0":11,"1":6,"2":1,"3":2,"4":3,"5":4,"6":2,"7":5},"b":{"0":[1,10],"1":[2,8],"2":[10,10,9],"3":[2,6],"4":[1,5],"5":[0,1],"6":[1,1],"7":[1,1],"8":[1,3],"9":[4,1],"10":[1,2],"11":[1,1],"12":[1,0],"13":[1,0],"14":[1,1],"15":[3,2],"16":[5,3],"17":[1,1],"18":[2,2,2,1,1],"19":[0,4]},"_coverageSchema":"1a1c01bbd47fc00a2c39e90264f33305004495a9","hash":"8493f8ccd1421c8de22b3556d79bc37eae093b77"}
,"C:\\Users\\ThinkPad T470p\\Documents\\Hacktive8\\Phase2\\Week3\\IP-Tala-HCK83\\folderServer\\helpers\\bcrypt.js": {"path":"C:\\Users\\ThinkPad T470p\\Documents\\Hacktive8\\Phase2\\Week3\\IP-Tala-HCK83\\folderServer\\helpers\\bcrypt.js","statementMap":{"0":{"start":{"line":1,"column":15},"end":{"line":1,"column":34}},"1":{"start":{"line":3,"column":21},"end":{"line":6,"column":1}},"2":{"start":{"line":4,"column":17},"end":{"line":4,"column":39}},"3":{"start":{"line":5,"column":4},"end":{"line":5,"column":43}},"4":{"start":{"line":8,"column":24},"end":{"line":10,"column":1}},"5":{"start":{"line":9,"column":4},"end":{"line":9,"column":56}},"6":{"start":{"line":12,"column":0},"end":{"line":12,"column":51}}},"fnMap":{"0":{"name":"(anonymous_0)","decl":{"start":{"line":3,"column":21},"end":{"line":3,"column":22}},"loc":{"start":{"line":3,"column":35},"end":{"line":6,"column":1}},"line":3},"1":{"name":"(anonymous_1)","decl":{"start":{"line":8,"column":24},"end":{"line":8,"column":25}},"loc":{"start":{"line":8,"column":54},"end":{"line":10,"column":1}},"line":8}},"branchMap":{},"s":{"0":11,"1":11,"2":73,"3":73,"4":11,"5":4,"6":11},"f":{"0":73,"1":4},"b":{},"_coverageSchema":"1a1c01bbd47fc00a2c39e90264f33305004495a9","hash":"22eb26f22f0dedb349caf02600cca664123f6ab0"}
,"C:\\Users\\ThinkPad T470p\\Documents\\Hacktive8\\Phase2\\Week3\\IP-Tala-HCK83\\folderServer\\helpers\\gemini.api.js": {"path":"C:\\Users\\ThinkPad T470p\\Documents\\Hacktive8\\Phase2\\Week3\\IP-Tala-HCK83\\folderServer\\helpers\\gemini.api.js","statementMap":{"0":{"start":{"line":1,"column":0},"end":{"line":1,"column":27}},"1":{"start":{"line":2,"column":30},"end":{"line":2,"column":54}},"2":{"start":{"line":4,"column":11},"end":{"line":4,"column":66}},"3":{"start":{"line":7,"column":2},"end":{"line":54,"column":3}},"4":{"start":{"line":8,"column":21},"end":{"line":28,"column":6}},"5":{"start":{"line":30,"column":4},"end":{"line":30,"column":50}},"6":{"start":{"line":34,"column":4},"end":{"line":41,"column":5}},"7":{"start":{"line":35,"column":6},"end":{"line":35,"column":34}},"8":{"start":{"line":36,"column":11},"end":{"line":41,"column":5}},"9":{"start":{"line":37,"column":6},"end":{"line":37,"column":26}},"10":{"start":{"line":40,"column":6},"end":{"line":40,"column":92}},"11":{"start":{"line":43,"column":4},"end":{"line":43,"column":40}},"12":{"start":{"line":46,"column":17},"end":{"line":46,"column":32}},"13":{"start":{"line":47,"column":4},"end":{"line":47,"column":16}},"14":{"start":{"line":49,"column":4},"end":{"line":49,"column":54}},"15":{"start":{"line":50,"column":4},"end":{"line":52,"column":5}},"16":{"start":{"line":51,"column":6},"end":{"line":51,"column":70}},"17":{"start":{"line":53,"column":4},"end":{"line":53,"column":16}},"18":{"start":{"line":57,"column":0},"end":{"line":59,"column":2}}},"fnMap":{"0":{"name":"generateContent","decl":{"start":{"line":6,"column":15},"end":{"line":6,"column":30}},"loc":{"start":{"line":6,"column":48},"end":{"line":55,"column":1}},"line":6}},"branchMap":{"0":{"loc":{"start":{"line":34,"column":4},"end":{"line":41,"column":5}},"type":"if","locations":[{"start":{"line":34,"column":4},"end":{"line":41,"column":5}},{"start":{"line":36,"column":11},"end":{"line":41,"column":5}}],"line":34},"1":{"loc":{"start":{"line":36,"column":11},"end":{"line":41,"column":5}},"type":"if","locations":[{"start":{"line":36,"column":11},"end":{"line":41,"column":5}},{"start":{"line":38,"column":11},"end":{"line":41,"column":5}}],"line":36},"2":{"loc":{"start":{"line":40,"column":12},"end":{"line":40,"column":91}},"type":"binary-expr","locations":[{"start":{"line":40,"column":12},"end":{"line":40,"column":63}},{"start":{"line":40,"column":67},"end":{"line":40,"column":91}}],"line":40},"3":{"loc":{"start":{"line":50,"column":4},"end":{"line":52,"column":5}},"type":"if","locations":[{"start":{"line":50,"column":4},"end":{"line":52,"column":5}},{"start":{},"end":{}}],"line":50},"4":{"loc":{"start":{"line":50,"column":8},"end":{"line":50,"column":55}},"type":"binary-expr","locations":[{"start":{"line":50,"column":8},"end":{"line":50,"column":22}},{"start":{"line":50,"column":26},"end":{"line":50,"column":55}}],"line":50}},"s":{"0":6,"1":6,"2":6,"3":8,"4":8,"5":6,"6":6,"7":4,"8":2,"9":1,"10":1,"11":6,"12":6,"13":5,"14":3,"15":3,"16":1,"17":2,"18":6},"f":{"0":8},"b":{"0":[4,2],"1":[1,1],"2":[1,0],"3":[1,2],"4":[3,1]},"_coverageSchema":"1a1c01bbd47fc00a2c39e90264f33305004495a9","hash":"07f8f7fe6fb10c680bd08bde0a5b2f18bafbdb9f"}
,"C:\\Users\\ThinkPad T470p\\Documents\\Hacktive8\\Phase2\\Week3\\IP-Tala-HCK83\\folderServer\\helpers\\jwt.js": {"path":"C:\\Users\\ThinkPad T470p\\Documents\\Hacktive8\\Phase2\\Week3\\IP-Tala-HCK83\\folderServer\\helpers\\jwt.js","statementMap":{"0":{"start":{"line":1,"column":12},"end":{"line":1,"column":35}},"1":{"start":{"line":2,"column":0},"end":{"line":2,"column":27}},"2":{"start":{"line":3,"column":19},"end":{"line":3,"column":41}},"3":{"start":{"line":4,"column":22},"end":{"line":6,"column":1}},"4":{"start":{"line":5,"column":4},"end":{"line":5,"column":62}},"5":{"start":{"line":8,"column":20},"end":{"line":10,"column":1}},"6":{"start":{"line":9,"column":4},"end":{"line":9,"column":41}},"7":{"start":{"line":12,"column":0},"end":{"line":12,"column":48}}},"fnMap":{"0":{"name":"(anonymous_0)","decl":{"start":{"line":4,"column":22},"end":{"line":4,"column":23}},"loc":{"start":{"line":4,"column":35},"end":{"line":6,"column":1}},"line":4},"1":{"name":"(anonymous_1)","decl":{"start":{"line":8,"column":20},"end":{"line":8,"column":21}},"loc":{"start":{"line":8,"column":31},"end":{"line":10,"column":1}},"line":8}},"branchMap":{},"s":{"0":7,"1":7,"2":7,"3":7,"4":65,"5":7,"6":40,"7":7},"f":{"0":65,"1":40},"b":{},"_coverageSchema":"1a1c01bbd47fc00a2c39e90264f33305004495a9","hash":"caa120ba0dd9113b739016c70f26154337f6f9e2"}
,"C:\\Users\\ThinkPad T470p\\Documents\\Hacktive8\\Phase2\\Week3\\IP-Tala-HCK83\\folderServer\\middlewares\\authentication.js": {"path":"C:\\Users\\ThinkPad T470p\\Documents\\Hacktive8\\Phase2\\Week3\\IP-Tala-HCK83\\folderServer\\middlewares\\authentication.js","statementMap":{"0":{"start":{"line":1,"column":24},"end":{"line":1,"column":49}},"1":{"start":{"line":2,"column":17},"end":{"line":2,"column":37}},"2":{"start":{"line":4,"column":23},"end":{"line":32,"column":1}},"3":{"start":{"line":5,"column":4},"end":{"line":31,"column":5}},"4":{"start":{"line":6,"column":34},"end":{"line":6,"column":45}},"5":{"start":{"line":7,"column":8},"end":{"line":9,"column":9}},"6":{"start":{"line":8,"column":12},"end":{"line":8,"column":79}},"7":{"start":{"line":11,"column":30},"end":{"line":11,"column":54}},"8":{"start":{"line":12,"column":8},"end":{"line":14,"column":9}},"9":{"start":{"line":13,"column":12},"end":{"line":13,"column":76}},"10":{"start":{"line":16,"column":24},"end":{"line":16,"column":42}},"11":{"start":{"line":17,"column":21},"end":{"line":17,"column":52}},"12":{"start":{"line":18,"column":8},"end":{"line":20,"column":9}},"13":{"start":{"line":19,"column":12},"end":{"line":19,"column":70}},"14":{"start":{"line":22,"column":8},"end":{"line":26,"column":10}},"15":{"start":{"line":28,"column":8},"end":{"line":28,"column":15}},"16":{"start":{"line":30,"column":8},"end":{"line":30,"column":20}},"17":{"start":{"line":34,"column":0},"end":{"line":34,"column":32}}},"fnMap":{"0":{"name":"(anonymous_0)","decl":{"start":{"line":4,"column":23},"end":{"line":4,"column":24}},"loc":{"start":{"line":4,"column":49},"end":{"line":32,"column":1}},"line":4}},"branchMap":{"0":{"loc":{"start":{"line":7,"column":8},"end":{"line":9,"column":9}},"type":"if","locations":[{"start":{"line":7,"column":8},"end":{"line":9,"column":9}},{"start":{},"end":{}}],"line":7},"1":{"loc":{"start":{"line":12,"column":8},"end":{"line":14,"column":9}},"type":"if","locations":[{"start":{"line":12,"column":8},"end":{"line":14,"column":9}},{"start":{},"end":{}}],"line":12},"2":{"loc":{"start":{"line":12,"column":12},"end":{"line":12,"column":39}},"type":"binary-expr","locations":[{"start":{"line":12,"column":12},"end":{"line":12,"column":29}},{"start":{"line":12,"column":33},"end":{"line":12,"column":39}}],"line":12},"3":{"loc":{"start":{"line":18,"column":8},"end":{"line":20,"column":9}},"type":"if","locations":[{"start":{"line":18,"column":8},"end":{"line":20,"column":9}},{"start":{},"end":{}}],"line":18}},"s":{"0":6,"1":6,"2":6,"3":45,"4":45,"5":45,"6":7,"7":38,"8":38,"9":1,"10":37,"11":30,"12":30,"13":2,"14":28,"15":28,"16":17,"17":6},"f":{"0":45},"b":{"0":[7,38],"1":[1,37],"2":[38,37],"3":[2,28]},"_coverageSchema":"1a1c01bbd47fc00a2c39e90264f33305004495a9","hash":"94b99542d50a9ae8dee3d71746509da13a42a39a"}
,"C:\\Users\\ThinkPad T470p\\Documents\\Hacktive8\\Phase2\\Week3\\IP-Tala-HCK83\\folderServer\\middlewares\\errorHandler.js": {"path":"C:\\Users\\ThinkPad T470p\\Documents\\Hacktive8\\Phase2\\Week3\\IP-Tala-HCK83\\folderServer\\middlewares\\errorHandler.js","statementMap":{"0":{"start":{"line":1,"column":21},"end":{"line":35,"column":1}},"1":{"start":{"line":2,"column":4},"end":{"line":2,"column":21}},"2":{"start":{"line":4,"column":21},"end":{"line":4,"column":24}},"3":{"start":{"line":5,"column":18},"end":{"line":5,"column":41}},"4":{"start":{"line":7,"column":4},"end":{"line":31,"column":5}},"5":{"start":{"line":8,"column":8},"end":{"line":8,"column":25}},"6":{"start":{"line":9,"column":8},"end":{"line":9,"column":60}},"7":{"start":{"line":9,"column":38},"end":{"line":9,"column":47}},"8":{"start":{"line":10,"column":11},"end":{"line":31,"column":5}},"9":{"start":{"line":11,"column":8},"end":{"line":11,"column":25}},"10":{"start":{"line":12,"column":8},"end":{"line":12,"column":47}},"11":{"start":{"line":13,"column":11},"end":{"line":31,"column":5}},"12":{"start":{"line":14,"column":8},"end":{"line":14,"column":25}},"13":{"start":{"line":15,"column":8},"end":{"line":15,"column":57}},"14":{"start":{"line":16,"column":11},"end":{"line":31,"column":5}},"15":{"start":{"line":17,"column":8},"end":{"line":17,"column":25}},"16":{"start":{"line":18,"column":8},"end":{"line":18,"column":45}},"17":{"start":{"line":19,"column":11},"end":{"line":31,"column":5}},"18":{"start":{"line":20,"column":8},"end":{"line":20,"column":25}},"19":{"start":{"line":21,"column":8},"end":{"line":21,"column":81}},"20":{"start":{"line":22,"column":11},"end":{"line":31,"column":5}},"21":{"start":{"line":23,"column":8},"end":{"line":23,"column":25}},"22":{"start":{"line":24,"column":8},"end":{"line":24,"column":54}},"23":{"start":{"line":25,"column":11},"end":{"line":31,"column":5}},"24":{"start":{"line":26,"column":8},"end":{"line":26,"column":25}},"25":{"start":{"line":27,"column":8},"end":{"line":27,"column":52}},"26":{"start":{"line":28,"column":11},"end":{"line":31,"column":5}},"27":{"start":{"line":29,"column":8},"end":{"line":29,"column":36}},"28":{"start":{"line":30,"column":8},"end":{"line":30,"column":30}},"29":{"start":{"line":34,"column":4},"end":{"line":34,"column":45}},"30":{"start":{"line":37,"column":0},"end":{"line":37,"column":30}}},"fnMap":{"0":{"name":"(anonymous_0)","decl":{"start":{"line":1,"column":21},"end":{"line":1,"column":22}},"loc":{"start":{"line":1,"column":46},"end":{"line":35,"column":1}},"line":1},"1":{"name":"(anonymous_1)","decl":{"start":{"line":9,"column":33},"end":{"line":9,"column":34}},"loc":{"start":{"line":9,"column":38},"end":{"line":9,"column":47}},"line":9}},"branchMap":{"0":{"loc":{"start":{"line":7,"column":4},"end":{"line":31,"column":5}},"type":"if","locations":[{"start":{"line":7,"column":4},"end":{"line":31,"column":5}},{"start":{"line":10,"column":11},"end":{"line":31,"column":5}}],"line":7},"1":{"loc":{"start":{"line":7,"column":8},"end":{"line":7,"column":96}},"type":"binary-expr","locations":[{"start":{"line":7,"column":8},"end":{"line":7,"column":47}},{"start":{"line":7,"column":51},"end":{"line":7,"column":96}}],"line":7},"2":{"loc":{"start":{"line":10,"column":11},"end":{"line":31,"column":5}},"type":"if","locations":[{"start":{"line":10,"column":11},"end":{"line":31,"column":5}},{"start":{"line":13,"column":11},"end":{"line":31,"column":5}}],"line":10},"3":{"loc":{"start":{"line":12,"column":18},"end":{"line":12,"column":46}},"type":"binary-expr","locations":[{"start":{"line":12,"column":18},"end":{"line":12,"column":29}},{"start":{"line":12,"column":33},"end":{"line":12,"column":46}}],"line":12},"4":{"loc":{"start":{"line":13,"column":11},"end":{"line":31,"column":5}},"type":"if","locations":[{"start":{"line":13,"column":11},"end":{"line":31,"column":5}},{"start":{"line":16,"column":11},"end":{"line":31,"column":5}}],"line":13},"5":{"loc":{"start":{"line":15,"column":18},"end":{"line":15,"column":56}},"type":"binary-expr","locations":[{"start":{"line":15,"column":18},"end":{"line":15,"column":29}},{"start":{"line":15,"column":33},"end":{"line":15,"column":56}}],"line":15},"6":{"loc":{"start":{"line":16,"column":11},"end":{"line":31,"column":5}},"type":"if","locations":[{"start":{"line":16,"column":11},"end":{"line":31,"column":5}},{"start":{"line":19,"column":11},"end":{"line":31,"column":5}}],"line":16},"7":{"loc":{"start":{"line":16,"column":15},"end":{"line":16,"column":83}},"type":"binary-expr","locations":[{"start":{"line":16,"column":15},"end":{"line":16,"column":47}},{"start":{"line":16,"column":51},"end":{"line":16,"column":83}}],"line":16},"8":{"loc":{"start":{"line":19,"column":11},"end":{"line":31,"column":5}},"type":"if","locations":[{"start":{"line":19,"column":11},"end":{"line":31,"column":5}},{"start":{"line":22,"column":11},"end":{"line":31,"column":5}}],"line":19},"9":{"loc":{"start":{"line":21,"column":18},"end":{"line":21,"column":80}},"type":"binary-expr","locations":[{"start":{"line":21,"column":18},"end":{"line":21,"column":29}},{"start":{"line":21,"column":33},"end":{"line":21,"column":80}}],"line":21},"10":{"loc":{"start":{"line":22,"column":11},"end":{"line":31,"column":5}},"type":"if","locations":[{"start":{"line":22,"column":11},"end":{"line":31,"column":5}},{"start":{"line":25,"column":11},"end":{"line":31,"column":5}}],"line":22},"11":{"loc":{"start":{"line":24,"column":18},"end":{"line":24,"column":53}},"type":"binary-expr","locations":[{"start":{"line":24,"column":18},"end":{"line":24,"column":29}},{"start":{"line":24,"column":33},"end":{"line":24,"column":53}}],"line":24},"12":{"loc":{"start":{"line":25,"column":11},"end":{"line":31,"column":5}},"type":"if","locations":[{"start":{"line":25,"column":11},"end":{"line":31,"column":5}},{"start":{"line":28,"column":11},"end":{"line":31,"column":5}}],"line":25},"13":{"loc":{"start":{"line":27,"column":18},"end":{"line":27,"column":51}},"type":"binary-expr","locations":[{"start":{"line":27,"column":18},"end":{"line":27,"column":29}},{"start":{"line":27,"column":33},"end":{"line":27,"column":51}}],"line":27},"14":{"loc":{"start":{"line":28,"column":11},"end":{"line":31,"column":5}},"type":"if","locations":[{"start":{"line":28,"column":11},"end":{"line":31,"column":5}},{"start":{},"end":{}}],"line":28},"15":{"loc":{"start":{"line":28,"column":15},"end":{"line":28,"column":44}},"type":"binary-expr","locations":[{"start":{"line":28,"column":15},"end":{"line":28,"column":29}},{"start":{"line":28,"column":33},"end":{"line":28,"column":44}}],"line":28}},"s":{"0":6,"1":63,"2":63,"3":63,"4":63,"5":4,"6":4,"7":4,"8":59,"9":16,"10":16,"11":43,"12":14,"13":14,"14":29,"15":7,"16":7,"17":22,"18":2,"19":2,"20":20,"21":8,"22":8,"23":12,"24":4,"25":4,"26":8,"27":2,"28":2,"29":63,"30":6},"f":{"0":63,"1":4},"b":{"0":[4,59],"1":[63,61],"2":[16,43],"3":[16,0],"4":[14,29],"5":[14,1],"6":[7,22],"7":[29,25],"8":[2,20],"9":[2,1],"10":[8,12],"11":[8,1],"12":[4,8],"13":[4,0],"14":[2,6],"15":[8,2]},"_coverageSchema":"1a1c01bbd47fc00a2c39e90264f33305004495a9","hash":"5a8c9084ed6fc6638cf7711839168e356ae16dc1"}
,"C:\\Users\\ThinkPad T470p\\Documents\\Hacktive8\\Phase2\\Week3\\IP-Tala-HCK83\\folderServer\\models\\bodypart.js": {"path":"C:\\Users\\ThinkPad T470p\\Documents\\Hacktive8\\Phase2\\Week3\\IP-Tala-HCK83\\folderServer\\models\\bodypart.js","statementMap":{"0":{"start":{"line":2,"column":18},"end":{"line":2,"column":38}},"1":{"start":{"line":3,"column":0},"end":{"line":28,"column":2}},"2":{"start":{"line":6,"column":6},"end":{"line":6,"column":73}},"3":{"start":{"line":9,"column":2},"end":{"line":26,"column":5}},"4":{"start":{"line":27,"column":2},"end":{"line":27,"column":18}}},"fnMap":{"0":{"name":"(anonymous_0)","decl":{"start":{"line":3,"column":17},"end":{"line":3,"column":18}},"loc":{"start":{"line":3,"column":43},"end":{"line":28,"column":1}},"line":3},"1":{"name":"(anonymous_1)","decl":{"start":{"line":5,"column":4},"end":{"line":5,"column":5}},"loc":{"start":{"line":5,"column":29},"end":{"line":7,"column":5}},"line":5}},"branchMap":{},"s":{"0":11,"1":11,"2":11,"3":11,"4":11},"f":{"0":11,"1":11},"b":{},"_coverageSchema":"1a1c01bbd47fc00a2c39e90264f33305004495a9","hash":"f74d56d6c428a615cb56c70cc5884718f431a364"}
,"C:\\Users\\ThinkPad T470p\\Documents\\Hacktive8\\Phase2\\Week3\\IP-Tala-HCK83\\folderServer\\models\\equipment.js": {"path":"C:\\Users\\ThinkPad T470p\\Documents\\Hacktive8\\Phase2\\Week3\\IP-Tala-HCK83\\folderServer\\models\\equipment.js","statementMap":{"0":{"start":{"line":2,"column":18},"end":{"line":2,"column":38}},"1":{"start":{"line":3,"column":0},"end":{"line":33,"column":2}},"2":{"start":{"line":6,"column":6},"end":{"line":6,"column":72}},"3":{"start":{"line":14,"column":2},"end":{"line":31,"column":5}},"4":{"start":{"line":32,"column":2},"end":{"line":32,"column":19}}},"fnMap":{"0":{"name":"(anonymous_0)","decl":{"start":{"line":3,"column":17},"end":{"line":3,"column":18}},"loc":{"start":{"line":3,"column":43},"end":{"line":33,"column":1}},"line":3},"1":{"name":"(anonymous_1)","decl":{"start":{"line":5,"column":4},"end":{"line":5,"column":5}},"loc":{"start":{"line":5,"column":29},"end":{"line":12,"column":5}},"line":5}},"branchMap":{},"s":{"0":11,"1":11,"2":11,"3":11,"4":11},"f":{"0":11,"1":11},"b":{},"_coverageSchema":"1a1c01bbd47fc00a2c39e90264f33305004495a9","hash":"50b75378dd732217a99d5e02e622f74d22bc812b"}
,"C:\\Users\\ThinkPad T470p\\Documents\\Hacktive8\\Phase2\\Week3\\IP-Tala-HCK83\\folderServer\\models\\exercise.js": {"path":"C:\\Users\\ThinkPad T470p\\Documents\\Hacktive8\\Phase2\\Week3\\IP-Tala-HCK83\\folderServer\\models\\exercise.js","statementMap":{"0":{"start":{"line":2,"column":18},"end":{"line":2,"column":38}},"1":{"start":{"line":3,"column":0},"end":{"line":104,"column":2}},"2":{"start":{"line":7,"column":6},"end":{"line":7,"column":78}},"3":{"start":{"line":9,"column":6},"end":{"line":9,"column":74}},"4":{"start":{"line":12,"column":2},"end":{"line":102,"column":5}},"5":{"start":{"line":103,"column":2},"end":{"line":103,"column":18}}},"fnMap":{"0":{"name":"(anonymous_0)","decl":{"start":{"line":3,"column":17},"end":{"line":3,"column":18}},"loc":{"start":{"line":3,"column":43},"end":{"line":104,"column":1}},"line":3},"1":{"name":"(anonymous_1)","decl":{"start":{"line":5,"column":4},"end":{"line":5,"column":5}},"loc":{"start":{"line":5,"column":29},"end":{"line":10,"column":5}},"line":5}},"branchMap":{},"s":{"0":11,"1":11,"2":11,"3":11,"4":11,"5":11},"f":{"0":11,"1":11},"b":{},"_coverageSchema":"1a1c01bbd47fc00a2c39e90264f33305004495a9","hash":"771bfa4421b14e06a8bfc5ddda5f5b5b765da053"}
,"C:\\Users\\ThinkPad T470p\\Documents\\Hacktive8\\Phase2\\Week3\\IP-Tala-HCK83\\folderServer\\models\\index.js": {"path":"C:\\Users\\ThinkPad T470p\\Documents\\Hacktive8\\Phase2\\Week3\\IP-Tala-HCK83\\folderServer\\models\\index.js","statementMap":{"0":{"start":{"line":3,"column":11},"end":{"line":3,"column":24}},"1":{"start":{"line":4,"column":13},"end":{"line":4,"column":28}},"2":{"start":{"line":5,"column":18},"end":{"line":5,"column":38}},"3":{"start":{"line":6,"column":16},"end":{"line":6,"column":34}},"4":{"start":{"line":7,"column":17},"end":{"line":7,"column":42}},"5":{"start":{"line":8,"column":12},"end":{"line":8,"column":49}},"6":{"start":{"line":9,"column":15},"end":{"line":9,"column":65}},"7":{"start":{"line":10,"column":11},"end":{"line":10,"column":13}},"8":{"start":{"line":13,"column":0},"end":{"line":17,"column":1}},"9":{"start":{"line":14,"column":2},"end":{"line":14,"column":74}},"10":{"start":{"line":16,"column":2},"end":{"line":16,"column":87}},"11":{"start":{"line":19,"column":0},"end":{"line":32,"column":5}},"12":{"start":{"line":22,"column":4},"end":{"line":27,"column":6}},"13":{"start":{"line":30,"column":18},"end":{"line":30,"column":85}},"14":{"start":{"line":31,"column":4},"end":{"line":31,"column":27}},"15":{"start":{"line":34,"column":0},"end":{"line":38,"column":3}},"16":{"start":{"line":35,"column":2},"end":{"line":37,"column":3}},"17":{"start":{"line":36,"column":4},"end":{"line":36,"column":32}},"18":{"start":{"line":40,"column":0},"end":{"line":40,"column":25}},"19":{"start":{"line":41,"column":0},"end":{"line":41,"column":25}},"20":{"start":{"line":43,"column":0},"end":{"line":43,"column":20}}},"fnMap":{"0":{"name":"(anonymous_0)","decl":{"start":{"line":21,"column":10},"end":{"line":21,"column":11}},"loc":{"start":{"line":21,"column":18},"end":{"line":28,"column":3}},"line":21},"1":{"name":"(anonymous_1)","decl":{"start":{"line":29,"column":11},"end":{"line":29,"column":12}},"loc":{"start":{"line":29,"column":19},"end":{"line":32,"column":3}},"line":29},"2":{"name":"(anonymous_2)","decl":{"start":{"line":34,"column":24},"end":{"line":34,"column":25}},"loc":{"start":{"line":34,"column":37},"end":{"line":38,"column":1}},"line":34}},"branchMap":{"0":{"loc":{"start":{"line":8,"column":12},"end":{"line":8,"column":49}},"type":"binary-expr","locations":[{"start":{"line":8,"column":12},"end":{"line":8,"column":32}},{"start":{"line":8,"column":36},"end":{"line":8,"column":49}}],"line":8},"1":{"loc":{"start":{"line":13,"column":0},"end":{"line":17,"column":1}},"type":"if","locations":[{"start":{"line":13,"column":0},"end":{"line":17,"column":1}},{"start":{"line":15,"column":7},"end":{"line":17,"column":1}}],"line":13},"2":{"loc":{"start":{"line":23,"column":6},"end":{"line":26,"column":37}},"type":"binary-expr","locations":[{"start":{"line":23,"column":6},"end":{"line":23,"column":29}},{"start":{"line":24,"column":6},"end":{"line":24,"column":23}},{"start":{"line":25,"column":6},"end":{"line":25,"column":30}},{"start":{"line":26,"column":6},"end":{"line":26,"column":37}}],"line":23},"3":{"loc":{"start":{"line":35,"column":2},"end":{"line":37,"column":3}},"type":"if","locations":[{"start":{"line":35,"column":2},"end":{"line":37,"column":3}},{"start":{},"end":{}}],"line":35}},"s":{"0":11,"1":11,"2":11,"3":11,"4":11,"5":11,"6":11,"7":11,"8":11,"9":0,"10":11,"11":11,"12":66,"13":55,"14":55,"15":11,"16":55,"17":55,"18":11,"19":11,"20":11},"f":{"0":66,"1":55,"2":55},"b":{"0":[11,0],"1":[0,11],"2":[66,66,55,55],"3":[55,0]},"_coverageSchema":"1a1c01bbd47fc00a2c39e90264f33305004495a9","hash":"9dd5439b9e4b1cdf657bb503ca370446da7cb0f2"}
,"C:\\Users\\ThinkPad T470p\\Documents\\Hacktive8\\Phase2\\Week3\\IP-Tala-HCK83\\folderServer\\models\\user.js": {"path":"C:\\Users\\ThinkPad T470p\\Documents\\Hacktive8\\Phase2\\Week3\\IP-Tala-HCK83\\folderServer\\models\\user.js","statementMap":{"0":{"start":{"line":2,"column":18},"end":{"line":2,"column":38}},"1":{"start":{"line":3,"column":25},"end":{"line":3,"column":53}},"2":{"start":{"line":5,"column":0},"end":{"line":79,"column":2}},"3":{"start":{"line":8,"column":6},"end":{"line":8,"column":65}},"4":{"start":{"line":11,"column":2},"end":{"line":77,"column":5}},"5":{"start":{"line":74,"column":8},"end":{"line":74,"column":59}},"6":{"start":{"line":78,"column":2},"end":{"line":78,"column":14}}},"fnMap":{"0":{"name":"(anonymous_0)","decl":{"start":{"line":5,"column":17},"end":{"line":5,"column":18}},"loc":{"start":{"line":5,"column":43},"end":{"line":79,"column":1}},"line":5},"1":{"name":"(anonymous_1)","decl":{"start":{"line":7,"column":4},"end":{"line":7,"column":5}},"loc":{"start":{"line":7,"column":29},"end":{"line":9,"column":5}},"line":7},"2":{"name":"(anonymous_2)","decl":{"start":{"line":73,"column":20},"end":{"line":73,"column":21}},"loc":{"start":{"line":73,"column":34},"end":{"line":75,"column":7}},"line":73}},"branchMap":{},"s":{"0":11,"1":11,"2":11,"3":11,"4":11,"5":68,"6":11},"f":{"0":11,"1":11,"2":68},"b":{},"_coverageSchema":"1a1c01bbd47fc00a2c39e90264f33305004495a9","hash":"90cbc7615e5e978d63db1f137a90218fe4656b11"}
,"C:\\Users\\ThinkPad T470p\\Documents\\Hacktive8\\Phase2\\Week3\\IP-Tala-HCK83\\folderServer\\models\\workoutlist.js": {"path":"C:\\Users\\ThinkPad T470p\\Documents\\Hacktive8\\Phase2\\Week3\\IP-Tala-HCK83\\folderServer\\models\\workoutlist.js","statementMap":{"0":{"start":{"line":2,"column":18},"end":{"line":2,"column":38}},"1":{"start":{"line":3,"column":0},"end":{"line":51,"column":2}},"2":{"start":{"line":6,"column":6},"end":{"line":6,"column":67}},"3":{"start":{"line":7,"column":6},"end":{"line":7,"column":75}},"4":{"start":{"line":8,"column":6},"end":{"line":8,"column":76}},"5":{"start":{"line":17,"column":2},"end":{"line":49,"column":5}},"6":{"start":{"line":50,"column":2},"end":{"line":50,"column":21}}},"fnMap":{"0":{"name":"(anonymous_0)","decl":{"start":{"line":3,"column":17},"end":{"line":3,"column":18}},"loc":{"start":{"line":3,"column":43},"end":{"line":51,"column":1}},"line":3},"1":{"name":"(anonymous_1)","decl":{"start":{"line":5,"column":4},"end":{"line":5,"column":5}},"loc":{"start":{"line":5,"column":29},"end":{"line":15,"column":5}},"line":5}},"branchMap":{},"s":{"0":11,"1":11,"2":11,"3":11,"4":11,"5":11,"6":11},"f":{"0":11,"1":11},"b":{},"_coverageSchema":"1a1c01bbd47fc00a2c39e90264f33305004495a9","hash":"f6873d67893405860b9350a4f231d11f9a411c4c"}
,"C:\\Users\\ThinkPad T470p\\Documents\\Hacktive8\\Phase2\\Week3\\IP-Tala-HCK83\\folderServer\\routes\\bodyPartRouter.js": {"path":"C:\\Users\\ThinkPad T470p\\Documents\\Hacktive8\\Phase2\\Week3\\IP-Tala-HCK83\\folderServer\\routes\\bodyPartRouter.js","statementMap":{"0":{"start":{"line":1,"column":16},"end":{"line":1,"column":34}},"1":{"start":{"line":2,"column":27},"end":{"line":2,"column":71}},"2":{"start":{"line":3,"column":15},"end":{"line":3,"column":31}},"3":{"start":{"line":6,"column":0},"end":{"line":6,"column":52}},"4":{"start":{"line":8,"column":0},"end":{"line":8,"column":24}}},"fnMap":{},"branchMap":{},"s":{"0":6,"1":6,"2":6,"3":6,"4":6},"f":{},"b":{},"_coverageSchema":"1a1c01bbd47fc00a2c39e90264f33305004495a9","hash":"531c7c999086a5c4631082c74385a3d2b9a38454"}
,"C:\\Users\\ThinkPad T470p\\Documents\\Hacktive8\\Phase2\\Week3\\IP-Tala-HCK83\\folderServer\\routes\\equipmentRouter.js": {"path":"C:\\Users\\ThinkPad T470p\\Documents\\Hacktive8\\Phase2\\Week3\\IP-Tala-HCK83\\folderServer\\routes\\equipmentRouter.js","statementMap":{"0":{"start":{"line":1,"column":16},"end":{"line":1,"column":34}},"1":{"start":{"line":2,"column":28},"end":{"line":2,"column":73}},"2":{"start":{"line":3,"column":15},"end":{"line":3,"column":31}},"3":{"start":{"line":6,"column":0},"end":{"line":6,"column":54}},"4":{"start":{"line":8,"column":0},"end":{"line":8,"column":24}}},"fnMap":{},"branchMap":{},"s":{"0":6,"1":6,"2":6,"3":6,"4":6},"f":{},"b":{},"_coverageSchema":"1a1c01bbd47fc00a2c39e90264f33305004495a9","hash":"8ce645d3dcc3feae8a544bf012524fe56d68e7b5"}
,"C:\\Users\\ThinkPad T470p\\Documents\\Hacktive8\\Phase2\\Week3\\IP-Tala-HCK83\\folderServer\\routes\\index.js": {"path":"C:\\Users\\ThinkPad T470p\\Documents\\Hacktive8\\Phase2\\Week3\\IP-Tala-HCK83\\folderServer\\routes\\index.js","statementMap":{"0":{"start":{"line":1,"column":16},"end":{"line":1,"column":34}},"1":{"start":{"line":2,"column":15},"end":{"line":2,"column":31}},"2":{"start":{"line":3,"column":19},"end":{"line":3,"column":42}},"3":{"start":{"line":4,"column":26},"end":{"line":4,"column":56}},"4":{"start":{"line":5,"column":24},"end":{"line":5,"column":52}},"5":{"start":{"line":6,"column":23},"end":{"line":6,"column":50}},"6":{"start":{"line":7,"column":23},"end":{"line":7,"column":63}},"7":{"start":{"line":9,"column":0},"end":{"line":9,"column":33}},"8":{"start":{"line":12,"column":0},"end":{"line":12,"column":27}},"9":{"start":{"line":13,"column":0},"end":{"line":13,"column":47}},"10":{"start":{"line":14,"column":0},"end":{"line":14,"column":43}},"11":{"start":{"line":15,"column":0},"end":{"line":15,"column":41}},"12":{"start":{"line":17,"column":0},"end":{"line":17,"column":24}}},"fnMap":{},"branchMap":{},"s":{"0":6,"1":6,"2":6,"3":6,"4":6,"5":6,"6":6,"7":6,"8":6,"9":6,"10":6,"11":6,"12":6},"f":{},"b":{},"_coverageSchema":"1a1c01bbd47fc00a2c39e90264f33305004495a9","hash":"ea912ec66f8f1ae2e3645937ab22d8c367ba4e3a"}
,"C:\\Users\\ThinkPad T470p\\Documents\\Hacktive8\\Phase2\\Week3\\IP-Tala-HCK83\\folderServer\\routes\\userRouter.js": {"path":"C:\\Users\\ThinkPad T470p\\Documents\\Hacktive8\\Phase2\\Week3\\IP-Tala-HCK83\\folderServer\\routes\\userRouter.js","statementMap":{"0":{"start":{"line":1,"column":16},"end":{"line":1,"column":34}},"1":{"start":{"line":2,"column":23},"end":{"line":2,"column":63}},"2":{"start":{"line":3,"column":15},"end":{"line":3,"column":31}},"3":{"start":{"line":5,"column":0},"end":{"line":5,"column":50}},"4":{"start":{"line":6,"column":0},"end":{"line":6,"column":44}},"5":{"start":{"line":7,"column":0},"end":{"line":7,"column":57}},"6":{"start":{"line":8,"column":0},"end":{"line":8,"column":57}},"7":{"start":{"line":10,"column":0},"end":{"line":10,"column":24}}},"fnMap":{},"branchMap":{},"s":{"0":6,"1":6,"2":6,"3":6,"4":6,"5":6,"6":6,"7":6},"f":{},"b":{},"_coverageSchema":"1a1c01bbd47fc00a2c39e90264f33305004495a9","hash":"954014baf2d594b74ec6c324733ea2096ac9cbdb"}
,"C:\\Users\\ThinkPad T470p\\Documents\\Hacktive8\\Phase2\\Week3\\IP-Tala-HCK83\\folderServer\\routes\\workoutListRouter.js": {"path":"C:\\Users\\ThinkPad T470p\\Documents\\Hacktive8\\Phase2\\Week3\\IP-Tala-HCK83\\folderServer\\routes\\workoutListRouter.js","statementMap":{"0":{"start":{"line":1,"column":16},"end":{"line":1,"column":34}},"1":{"start":{"line":2,"column":30},"end":{"line":2,"column":77}},"2":{"start":{"line":3,"column":15},"end":{"line":3,"column":31}},"3":{"start":{"line":6,"column":0},"end":{"line":6,"column":58}},"4":{"start":{"line":7,"column":0},"end":{"line":7,"column":58}},"5":{"start":{"line":8,"column":0},"end":{"line":8,"column":61}},"6":{"start":{"line":9,"column":0},"end":{"line":9,"column":103}},"7":{"start":{"line":10,"column":0},"end":{"line":10,"column":63}},"8":{"start":{"line":12,"column":0},"end":{"line":12,"column":24}}},"fnMap":{},"branchMap":{},"s":{"0":6,"1":6,"2":6,"3":6,"4":6,"5":6,"6":6,"7":6,"8":6},"f":{},"b":{},"_coverageSchema":"1a1c01bbd47fc00a2c39e90264f33305004495a9","hash":"7c3b92146037082da30226ca403f75fe3a343ccd"}
}
