{"C:\\Users\\ThinkPad T470p\\Documents\\Hacktive8\\Phase2\\Week3\\IP-Tala-HCK83\\folderServer\\controllers\\bodyPartController.js": {"path":"C:\\Users\\ThinkPad T470p\\Documents\\Hacktive8\\Phase2\\Week3\\IP-Tala-HCK83\\folderServer\\controllers\\bodyPartController.js","statementMap":{"0":{"start":{"line":1,"column":21},"end":{"line":1,"column":41}},"1":{"start":{"line":5,"column":8},"end":{"line":12,"column":9}},"2":{"start":{"line":6,"column":30},"end":{"line":8,"column":14}},"3":{"start":{"line":9,"column":12},"end":{"line":9,"column":44}},"4":{"start":{"line":11,"column":12},"end":{"line":11,"column":24}},"5":{"start":{"line":16,"column":0},"end":{"line":16,"column":36}}},"fnMap":{"0":{"name":"(anonymous_0)","decl":{"start":{"line":4,"column":4},"end":{"line":4,"column":5}},"loc":{"start":{"line":4,"column":49},"end":{"line":13,"column":5}},"line":4}},"branchMap":{},"s":{"0":6,"1":3,"2":3,"3":2,"4":1,"5":6},"f":{"0":3},"b":{},"_coverageSchema":"1a1c01bbd47fc00a2c39e90264f33305004495a9","hash":"4fc517609215f071a0889197b3d38473aba150e8"}
,"C:\\Users\\ThinkPad T470p\\Documents\\Hacktive8\\Phase2\\Week3\\IP-Tala-HCK83\\folderServer\\controllers\\equipmentController.js": {"path":"C:\\Users\\ThinkPad T470p\\Documents\\Hacktive8\\Phase2\\Week3\\IP-Tala-HCK83\\folderServer\\controllers\\equipmentController.js","statementMap":{"0":{"start":{"line":1,"column":22},"end":{"line":1,"column":42}},"1":{"start":{"line":5,"column":8},"end":{"line":12,"column":9}},"2":{"start":{"line":6,"column":31},"end":{"line":8,"column":14}},"3":{"start":{"line":9,"column":12},"end":{"line":9,"column":45}},"4":{"start":{"line":11,"column":12},"end":{"line":11,"column":24}},"5":{"start":{"line":16,"column":0},"end":{"line":16,"column":37}}},"fnMap":{"0":{"name":"(anonymous_0)","decl":{"start":{"line":4,"column":4},"end":{"line":4,"column":5}},"loc":{"start":{"line":4,"column":50},"end":{"line":13,"column":5}},"line":4}},"branchMap":{},"s":{"0":6,"1":3,"2":3,"3":2,"4":1,"5":6},"f":{"0":3},"b":{},"_coverageSchema":"1a1c01bbd47fc00a2c39e90264f33305004495a9","hash":"34b795a3771a331199b413d41b9c629ea47af676"}
,"C:\\Users\\ThinkPad T470p\\Documents\\Hacktive8\\Phase2\\Week3\\IP-Tala-HCK83\\folderServer\\controllers\\userController.js": {"path":"C:\\Users\\ThinkPad T470p\\Documents\\Hacktive8\\Phase2\\Week3\\IP-Tala-HCK83\\folderServer\\controllers\\userController.js","statementMap":{"0":{"start":{"line":1,"column":17},"end":{"line":1,"column":37}},"1":{"start":{"line":2,"column":28},"end":{"line":2,"column":56}},"2":{"start":{"line":3,"column":26},"end":{"line":3,"column":51}},"3":{"start":{"line":4,"column":25},"end":{"line":4,"column":55}},"4":{"start":{"line":5,"column":0},"end":{"line":5,"column":26}},"5":{"start":{"line":7,"column":15},"end":{"line":7,"column":61}},"6":{"start":{"line":11,"column":8},"end":{"line":26,"column":9}},"7":{"start":{"line":12,"column":50},"end":{"line":12,"column":58}},"8":{"start":{"line":13,"column":12},"end":{"line":15,"column":13}},"9":{"start":{"line":14,"column":16},"end":{"line":14,"column":100}},"10":{"start":{"line":18,"column":28},"end":{"line":18,"column":76}},"11":{"start":{"line":19,"column":12},"end":{"line":23,"column":15}},"12":{"start":{"line":25,"column":12},"end":{"line":25,"column":24}},"13":{"start":{"line":30,"column":8},"end":{"line":52,"column":9}},"14":{"start":{"line":31,"column":40},"end":{"line":31,"column":48}},"15":{"start":{"line":32,"column":12},"end":{"line":34,"column":13}},"16":{"start":{"line":33,"column":16},"end":{"line":33,"column":89}},"17":{"start":{"line":36,"column":25},"end":{"line":36,"column":65}},"18":{"start":{"line":37,"column":12},"end":{"line":39,"column":13}},"19":{"start":{"line":38,"column":16},"end":{"line":38,"column":85}},"20":{"start":{"line":41,"column":36},"end":{"line":41,"column":76}},"21":{"start":{"line":42,"column":12},"end":{"line":44,"column":13}},"22":{"start":{"line":43,"column":16},"end":{"line":43,"column":85}},"23":{"start":{"line":46,"column":28},"end":{"line":46,"column":87}},"24":{"start":{"line":47,"column":33},"end":{"line":47,"column":55}},"25":{"start":{"line":49,"column":12},"end":{"line":49,"column":95}},"26":{"start":{"line":51,"column":12},"end":{"line":51,"column":24}},"27":{"start":{"line":56,"column":8},"end":{"line":103,"column":9}},"28":{"start":{"line":58,"column":32},"end":{"line":58,"column":40}},"29":{"start":{"line":60,"column":12},"end":{"line":62,"column":13}},"30":{"start":{"line":61,"column":16},"end":{"line":61,"column":85}},"31":{"start":{"line":64,"column":27},"end":{"line":67,"column":14}},"32":{"start":{"line":69,"column":28},"end":{"line":69,"column":47}},"33":{"start":{"line":72,"column":23},"end":{"line":72,"column":78}},"34":{"start":{"line":74,"column":12},"end":{"line":82,"column":13}},"35":{"start":{"line":76,"column":16},"end":{"line":81,"column":19}},"36":{"start":{"line":85,"column":33},"end":{"line":89,"column":13}},"37":{"start":{"line":90,"column":33},"end":{"line":90,"column":60}},"38":{"start":{"line":92,"column":12},"end":{"line":98,"column":15}},"39":{"start":{"line":101,"column":12},"end":{"line":101,"column":56}},"40":{"start":{"line":102,"column":12},"end":{"line":102,"column":24}},"41":{"start":{"line":107,"column":0},"end":{"line":107,"column":32}}},"fnMap":{"0":{"name":"(anonymous_0)","decl":{"start":{"line":10,"column":4},"end":{"line":10,"column":5}},"loc":{"start":{"line":10,"column":42},"end":{"line":27,"column":5}},"line":10},"1":{"name":"(anonymous_1)","decl":{"start":{"line":29,"column":4},"end":{"line":29,"column":5}},"loc":{"start":{"line":29,"column":39},"end":{"line":53,"column":5}},"line":29},"2":{"name":"(anonymous_2)","decl":{"start":{"line":55,"column":4},"end":{"line":55,"column":5}},"loc":{"start":{"line":55,"column":45},"end":{"line":104,"column":5}},"line":55}},"branchMap":{"0":{"loc":{"start":{"line":13,"column":12},"end":{"line":15,"column":13}},"type":"if","locations":[{"start":{"line":13,"column":12},"end":{"line":15,"column":13}},{"start":{},"end":{}}],"line":13},"1":{"loc":{"start":{"line":13,"column":16},"end":{"line":13,"column":48}},"type":"binary-expr","locations":[{"start":{"line":13,"column":16},"end":{"line":13,"column":25}},{"start":{"line":13,"column":29},"end":{"line":13,"column":35}},{"start":{"line":13,"column":39},"end":{"line":13,"column":48}}],"line":13},"2":{"loc":{"start":{"line":32,"column":12},"end":{"line":34,"column":13}},"type":"if","locations":[{"start":{"line":32,"column":12},"end":{"line":34,"column":13}},{"start":{},"end":{}}],"line":32},"3":{"loc":{"start":{"line":32,"column":16},"end":{"line":32,"column":35}},"type":"binary-expr","locations":[{"start":{"line":32,"column":16},"end":{"line":32,"column":22}},{"start":{"line":32,"column":26},"end":{"line":32,"column":35}}],"line":32},"4":{"loc":{"start":{"line":37,"column":12},"end":{"line":39,"column":13}},"type":"if","locations":[{"start":{"line":37,"column":12},"end":{"line":39,"column":13}},{"start":{},"end":{}}],"line":37},"5":{"loc":{"start":{"line":42,"column":12},"end":{"line":44,"column":13}},"type":"if","locations":[{"start":{"line":42,"column":12},"end":{"line":44,"column":13}},{"start":{},"end":{}}],"line":42},"6":{"loc":{"start":{"line":60,"column":12},"end":{"line":62,"column":13}},"type":"if","locations":[{"start":{"line":60,"column":12},"end":{"line":62,"column":13}},{"start":{},"end":{}}],"line":60},"7":{"loc":{"start":{"line":74,"column":12},"end":{"line":82,"column":13}},"type":"if","locations":[{"start":{"line":74,"column":12},"end":{"line":82,"column":13}},{"start":{},"end":{}}],"line":74}},"s":{"0":6,"1":6,"2":6,"3":6,"4":6,"5":6,"6":10,"7":10,"8":10,"9":2,"10":8,"11":3,"12":7,"13":7,"14":7,"15":7,"16":2,"17":5,"18":5,"19":2,"20":3,"21":3,"22":2,"23":1,"24":1,"25":1,"26":6,"27":6,"28":6,"29":6,"30":1,"31":5,"32":5,"33":4,"34":4,"35":3,"36":4,"37":4,"38":4,"39":2,"40":2,"41":6},"f":{"0":10,"1":7,"2":6},"b":{"0":[2,8],"1":[10,9,8],"2":[2,5],"3":[7,6],"4":[2,3],"5":[2,1],"6":[1,5],"7":[3,1]},"_coverageSchema":"1a1c01bbd47fc00a2c39e90264f33305004495a9","hash":"e8ca17dbdd7500e01525de419603dcad16e35056"}
,"C:\\Users\\ThinkPad T470p\\Documents\\Hacktive8\\Phase2\\Week3\\IP-Tala-HCK83\\folderServer\\controllers\\workoutListController.js": {"path":"C:\\Users\\ThinkPad T470p\\Documents\\Hacktive8\\Phase2\\Week3\\IP-Tala-HCK83\\folderServer\\controllers\\workoutListController.js","statementMap":{"0":{"start":{"line":7,"column":4},"end":{"line":7,"column":24}},"1":{"start":{"line":8,"column":22},"end":{"line":8,"column":42}},"2":{"start":{"line":9,"column":28},"end":{"line":9,"column":60}},"3":{"start":{"line":10,"column":14},"end":{"line":10,"column":30}},"4":{"start":{"line":11,"column":24},"end":{"line":11,"column":48}},"5":{"start":{"line":15,"column":4},"end":{"line":101,"column":5}},"6":{"start":{"line":16,"column":21},"end":{"line":16,"column":32}},"7":{"start":{"line":17,"column":66},"end":{"line":17,"column":74}},"8":{"start":{"line":19,"column":6},"end":{"line":21,"column":7}},"9":{"start":{"line":20,"column":8},"end":{"line":20,"column":72}},"10":{"start":{"line":22,"column":6},"end":{"line":31,"column":7}},"11":{"start":{"line":27,"column":8},"end":{"line":30,"column":10}},"12":{"start":{"line":34,"column":23},"end":{"line":34,"column":58}},"13":{"start":{"line":35,"column":6},"end":{"line":37,"column":7}},"14":{"start":{"line":36,"column":8},"end":{"line":36,"column":67}},"15":{"start":{"line":40,"column":33},"end":{"line":42,"column":8}},"16":{"start":{"line":43,"column":6},"end":{"line":45,"column":7}},"17":{"start":{"line":44,"column":8},"end":{"line":44,"column":80}},"18":{"start":{"line":48,"column":29},"end":{"line":52,"column":8}},"19":{"start":{"line":55,"column":29},"end":{"line":55,"column":68}},"20":{"start":{"line":55,"column":60},"end":{"line":55,"column":67}},"21":{"start":{"line":56,"column":33},"end":{"line":59,"column":7}},"22":{"start":{"line":61,"column":6},"end":{"line":66,"column":7}},"23":{"start":{"line":62,"column":8},"end":{"line":65,"column":10}},"24":{"start":{"line":69,"column":32},"end":{"line":69,"column":34}},"25":{"start":{"line":70,"column":6},"end":{"line":78,"column":9}},"26":{"start":{"line":72,"column":31},"end":{"line":72,"column":64}},"27":{"start":{"line":73,"column":8},"end":{"line":77,"column":11}},"28":{"start":{"line":80,"column":6},"end":{"line":80,"column":51}},"29":{"start":{"line":83,"column":31},"end":{"line":96,"column":8}},"30":{"start":{"line":98,"column":6},"end":{"line":98,"column":45}},"31":{"start":{"line":100,"column":6},"end":{"line":100,"column":18}},"32":{"start":{"line":105,"column":4},"end":{"line":127,"column":5}},"33":{"start":{"line":106,"column":21},"end":{"line":106,"column":32}},"34":{"start":{"line":107,"column":27},"end":{"line":123,"column":8}},"35":{"start":{"line":124,"column":6},"end":{"line":124,"column":41}},"36":{"start":{"line":126,"column":6},"end":{"line":126,"column":18}},"37":{"start":{"line":131,"column":4},"end":{"line":164,"column":5}},"38":{"start":{"line":132,"column":21},"end":{"line":132,"column":31}},"39":{"start":{"line":133,"column":21},"end":{"line":133,"column":32}},"40":{"start":{"line":135,"column":26},"end":{"line":151,"column":8}},"41":{"start":{"line":153,"column":6},"end":{"line":158,"column":7}},"42":{"start":{"line":154,"column":8},"end":{"line":157,"column":10}},"43":{"start":{"line":160,"column":6},"end":{"line":160,"column":69}},"44":{"start":{"line":161,"column":6},"end":{"line":161,"column":40}},"45":{"start":{"line":163,"column":6},"end":{"line":163,"column":18}},"46":{"start":{"line":169,"column":4},"end":{"line":214,"column":5}},"47":{"start":{"line":170,"column":21},"end":{"line":170,"column":32}},"48":{"start":{"line":171,"column":44},"end":{"line":171,"column":54}},"49":{"start":{"line":172,"column":36},"end":{"line":172,"column":44}},"50":{"start":{"line":174,"column":6},"end":{"line":179,"column":7}},"51":{"start":{"line":175,"column":8},"end":{"line":178,"column":10}},"52":{"start":{"line":181,"column":26},"end":{"line":183,"column":8}},"53":{"start":{"line":185,"column":6},"end":{"line":190,"column":7}},"54":{"start":{"line":186,"column":8},"end":{"line":189,"column":10}},"55":{"start":{"line":192,"column":23},"end":{"line":194,"column":8}},"56":{"start":{"line":196,"column":6},"end":{"line":201,"column":7}},"57":{"start":{"line":197,"column":8},"end":{"line":200,"column":10}},"58":{"start":{"line":204,"column":6},"end":{"line":204,"column":37}},"59":{"start":{"line":204,"column":16},"end":{"line":204,"column":37}},"60":{"start":{"line":205,"column":6},"end":{"line":205,"column":58}},"61":{"start":{"line":205,"column":23},"end":{"line":205,"column":58}},"62":{"start":{"line":207,"column":6},"end":{"line":207,"column":28}},"63":{"start":{"line":209,"column":6},"end":{"line":211,"column":70}},"64":{"start":{"line":213,"column":6},"end":{"line":213,"column":18}},"65":{"start":{"line":218,"column":4},"end":{"line":242,"column":5}},"66":{"start":{"line":219,"column":21},"end":{"line":219,"column":32}},"67":{"start":{"line":220,"column":21},"end":{"line":220,"column":31}},"68":{"start":{"line":222,"column":26},"end":{"line":224,"column":8}},"69":{"start":{"line":226,"column":6},"end":{"line":231,"column":7}},"70":{"start":{"line":227,"column":8},"end":{"line":230,"column":10}},"71":{"start":{"line":234,"column":6},"end":{"line":234,"column":63}},"72":{"start":{"line":237,"column":6},"end":{"line":237,"column":34}},"73":{"start":{"line":239,"column":6},"end":{"line":239,"column":77}},"74":{"start":{"line":241,"column":6},"end":{"line":241,"column":18}},"75":{"start":{"line":246,"column":0},"end":{"line":246,"column":39}},"76":{"start":{"line":250,"column":2},"end":{"line":254,"column":4}},"77":{"start":{"line":256,"column":24},"end":{"line":256,"column":49}},"78":{"start":{"line":258,"column":17},"end":{"line":275,"column":2}},"79":{"start":{"line":277,"column":2},"end":{"line":325,"column":3}},"80":{"start":{"line":278,"column":19},"end":{"line":278,"column":48}},"81":{"start":{"line":279,"column":4},"end":{"line":279,"column":48}},"82":{"start":{"line":282,"column":31},"end":{"line":282,"column":49}},"83":{"start":{"line":284,"column":4},"end":{"line":293,"column":5}},"84":{"start":{"line":285,"column":6},"end":{"line":288,"column":8}},"85":{"start":{"line":289,"column":6},"end":{"line":292,"column":8}},"86":{"start":{"line":296,"column":4},"end":{"line":310,"column":5}},"87":{"start":{"line":297,"column":6},"end":{"line":309,"column":7}},"88":{"start":{"line":304,"column":8},"end":{"line":304,"column":62}},"89":{"start":{"line":305,"column":8},"end":{"line":308,"column":10}},"90":{"start":{"line":312,"column":4},"end":{"line":312,"column":42}},"91":{"start":{"line":314,"column":4},"end":{"line":314,"column":53}},"92":{"start":{"line":315,"column":4},"end":{"line":320,"column":5}},"93":{"start":{"line":316,"column":6},"end":{"line":319,"column":8}},"94":{"start":{"line":321,"column":4},"end":{"line":324,"column":6}}},"fnMap":{"0":{"name":"(anonymous_0)","decl":{"start":{"line":14,"column":2},"end":{"line":14,"column":3}},"loc":{"start":{"line":14,"column":49},"end":{"line":102,"column":3}},"line":14},"1":{"name":"(anonymous_1)","decl":{"start":{"line":55,"column":52},"end":{"line":55,"column":53}},"loc":{"start":{"line":55,"column":60},"end":{"line":55,"column":67}},"line":55},"2":{"name":"(anonymous_2)","decl":{"start":{"line":70,"column":33},"end":{"line":70,"column":34}},"loc":{"start":{"line":70,"column":48},"end":{"line":78,"column":7}},"line":70},"3":{"name":"(anonymous_3)","decl":{"start":{"line":104,"column":2},"end":{"line":104,"column":3}},"loc":{"start":{"line":104,"column":50},"end":{"line":128,"column":3}},"line":104},"4":{"name":"(anonymous_4)","decl":{"start":{"line":130,"column":2},"end":{"line":130,"column":3}},"loc":{"start":{"line":130,"column":50},"end":{"line":165,"column":3}},"line":130},"5":{"name":"(anonymous_5)","decl":{"start":{"line":167,"column":2},"end":{"line":167,"column":3}},"loc":{"start":{"line":167,"column":57},"end":{"line":215,"column":3}},"line":167},"6":{"name":"(anonymous_6)","decl":{"start":{"line":217,"column":2},"end":{"line":217,"column":3}},"loc":{"start":{"line":217,"column":49},"end":{"line":243,"column":3}},"line":217},"7":{"name":"generateExercisesFromAI","decl":{"start":{"line":249,"column":15},"end":{"line":249,"column":38}},"loc":{"start":{"line":249,"column":69},"end":{"line":326,"column":1}},"line":249}},"branchMap":{"0":{"loc":{"start":{"line":19,"column":6},"end":{"line":21,"column":7}},"type":"if","locations":[{"start":{"line":19,"column":6},"end":{"line":21,"column":7}},{"start":{},"end":{}}],"line":19},"1":{"loc":{"start":{"line":22,"column":6},"end":{"line":31,"column":7}},"type":"if","locations":[{"start":{"line":22,"column":6},"end":{"line":31,"column":7}},{"start":{},"end":{}}],"line":22},"2":{"loc":{"start":{"line":23,"column":8},"end":{"line":25,"column":31}},"type":"binary-expr","locations":[{"start":{"line":23,"column":8},"end":{"line":23,"column":21}},{"start":{"line":24,"column":8},"end":{"line":24,"column":36}},{"start":{"line":25,"column":8},"end":{"line":25,"column":31}}],"line":23},"3":{"loc":{"start":{"line":35,"column":6},"end":{"line":37,"column":7}},"type":"if","locations":[{"start":{"line":35,"column":6},"end":{"line":37,"column":7}},{"start":{},"end":{}}],"line":35},"4":{"loc":{"start":{"line":43,"column":6},"end":{"line":45,"column":7}},"type":"if","locations":[{"start":{"line":43,"column":6},"end":{"line":45,"column":7}},{"start":{},"end":{}}],"line":43},"5":{"loc":{"start":{"line":61,"column":6},"end":{"line":66,"column":7}},"type":"if","locations":[{"start":{"line":61,"column":6},"end":{"line":66,"column":7}},{"start":{},"end":{}}],"line":61},"6":{"loc":{"start":{"line":61,"column":10},"end":{"line":61,"column":64}},"type":"binary-expr","locations":[{"start":{"line":61,"column":10},"end":{"line":61,"column":29}},{"start":{"line":61,"column":33},"end":{"line":61,"column":64}}],"line":61},"7":{"loc":{"start":{"line":153,"column":6},"end":{"line":158,"column":7}},"type":"if","locations":[{"start":{"line":153,"column":6},"end":{"line":158,"column":7}},{"start":{},"end":{}}],"line":153},"8":{"loc":{"start":{"line":174,"column":6},"end":{"line":179,"column":7}},"type":"if","locations":[{"start":{"line":174,"column":6},"end":{"line":179,"column":7}},{"start":{},"end":{}}],"line":174},"9":{"loc":{"start":{"line":174,"column":10},"end":{"line":174,"column":31}},"type":"binary-expr","locations":[{"start":{"line":174,"column":10},"end":{"line":174,"column":15}},{"start":{"line":174,"column":19},"end":{"line":174,"column":31}}],"line":174},"10":{"loc":{"start":{"line":185,"column":6},"end":{"line":190,"column":7}},"type":"if","locations":[{"start":{"line":185,"column":6},"end":{"line":190,"column":7}},{"start":{},"end":{}}],"line":185},"11":{"loc":{"start":{"line":196,"column":6},"end":{"line":201,"column":7}},"type":"if","locations":[{"start":{"line":196,"column":6},"end":{"line":201,"column":7}},{"start":{},"end":{}}],"line":196},"12":{"loc":{"start":{"line":204,"column":6},"end":{"line":204,"column":37}},"type":"if","locations":[{"start":{"line":204,"column":6},"end":{"line":204,"column":37}},{"start":{},"end":{}}],"line":204},"13":{"loc":{"start":{"line":205,"column":6},"end":{"line":205,"column":58}},"type":"if","locations":[{"start":{"line":205,"column":6},"end":{"line":205,"column":58}},{"start":{},"end":{}}],"line":205},"14":{"loc":{"start":{"line":226,"column":6},"end":{"line":231,"column":7}},"type":"if","locations":[{"start":{"line":226,"column":6},"end":{"line":231,"column":7}},{"start":{},"end":{}}],"line":226},"15":{"loc":{"start":{"line":284,"column":4},"end":{"line":293,"column":5}},"type":"if","locations":[{"start":{"line":284,"column":4},"end":{"line":293,"column":5}},{"start":{},"end":{}}],"line":284},"16":{"loc":{"start":{"line":284,"column":8},"end":{"line":284,"column":77}},"type":"binary-expr","locations":[{"start":{"line":284,"column":8},"end":{"line":284,"column":42}},{"start":{"line":284,"column":46},"end":{"line":284,"column":77}}],"line":284},"17":{"loc":{"start":{"line":297,"column":6},"end":{"line":309,"column":7}},"type":"if","locations":[{"start":{"line":297,"column":6},"end":{"line":309,"column":7}},{"start":{},"end":{}}],"line":297},"18":{"loc":{"start":{"line":298,"column":8},"end":{"line":302,"column":22}},"type":"binary-expr","locations":[{"start":{"line":298,"column":8},"end":{"line":298,"column":16}},{"start":{"line":299,"column":8},"end":{"line":299,"column":17}},{"start":{"line":300,"column":8},"end":{"line":300,"column":16}},{"start":{"line":301,"column":8},"end":{"line":301,"column":23}},{"start":{"line":302,"column":8},"end":{"line":302,"column":22}}],"line":298},"19":{"loc":{"start":{"line":315,"column":4},"end":{"line":320,"column":5}},"type":"if","locations":[{"start":{"line":315,"column":4},"end":{"line":320,"column":5}},{"start":{},"end":{}}],"line":315}},"s":{"0":6,"1":6,"2":6,"3":6,"4":6,"5":10,"6":10,"7":10,"8":10,"9":1,"10":9,"11":2,"12":7,"13":7,"14":2,"15":5,"16":5,"17":1,"18":4,"19":4,"20":5,"21":4,"22":0,"23":0,"24":0,"25":0,"26":0,"27":0,"28":0,"29":0,"30":0,"31":10,"32":3,"33":3,"34":3,"35":3,"36":0,"37":3,"38":3,"39":3,"40":3,"41":2,"42":1,"43":1,"44":1,"45":2,"46":6,"47":6,"48":6,"49":6,"50":6,"51":1,"52":5,"53":5,"54":1,"55":4,"56":4,"57":1,"58":3,"59":2,"60":3,"61":2,"62":3,"63":3,"64":3,"65":2,"66":2,"67":2,"68":2,"69":2,"70":1,"71":1,"72":1,"73":1,"74":1,"75":6,"76":4,"77":4,"78":4,"79":4,"80":4,"81":4,"82":4,"83":2,"84":1,"85":1,"86":1,"87":1,"88":1,"89":1,"90":0,"91":4,"92":4,"93":2,"94":2},"f":{"0":10,"1":5,"2":0,"3":3,"4":3,"5":6,"6":2,"7":4},"b":{"0":[1,9],"1":[2,7],"2":[9,9,8],"3":[2,5],"4":[1,4],"5":[0,0],"6":[0,0],"7":[1,1],"8":[1,5],"9":[6,2],"10":[1,4],"11":[1,3],"12":[2,1],"13":[2,1],"14":[1,1],"15":[1,1],"16":[2,2],"17":[1,0],"18":[1,1,1,0,0],"19":[2,2]},"_coverageSchema":"1a1c01bbd47fc00a2c39e90264f33305004495a9","hash":"5271d0597115d66110e17b80415b321e6072a0b2"}
,"C:\\Users\\ThinkPad T470p\\Documents\\Hacktive8\\Phase2\\Week3\\IP-Tala-HCK83\\folderServer\\helpers\\bcrypt.js": {"path":"C:\\Users\\ThinkPad T470p\\Documents\\Hacktive8\\Phase2\\Week3\\IP-Tala-HCK83\\folderServer\\helpers\\bcrypt.js","statementMap":{"0":{"start":{"line":1,"column":15},"end":{"line":1,"column":34}},"1":{"start":{"line":3,"column":21},"end":{"line":6,"column":1}},"2":{"start":{"line":4,"column":17},"end":{"line":4,"column":39}},"3":{"start":{"line":5,"column":4},"end":{"line":5,"column":43}},"4":{"start":{"line":8,"column":24},"end":{"line":10,"column":1}},"5":{"start":{"line":9,"column":4},"end":{"line":9,"column":56}},"6":{"start":{"line":12,"column":0},"end":{"line":12,"column":51}}},"fnMap":{"0":{"name":"(anonymous_0)","decl":{"start":{"line":3,"column":21},"end":{"line":3,"column":22}},"loc":{"start":{"line":3,"column":35},"end":{"line":6,"column":1}},"line":3},"1":{"name":"(anonymous_1)","decl":{"start":{"line":8,"column":24},"end":{"line":8,"column":25}},"loc":{"start":{"line":8,"column":54},"end":{"line":10,"column":1}},"line":8}},"branchMap":{},"s":{"0":11,"1":11,"2":79,"3":79,"4":11,"5":5,"6":11},"f":{"0":79,"1":5},"b":{},"_coverageSchema":"1a1c01bbd47fc00a2c39e90264f33305004495a9","hash":"22eb26f22f0dedb349caf02600cca664123f6ab0"}
,"C:\\Users\\ThinkPad T470p\\Documents\\Hacktive8\\Phase2\\Week3\\IP-Tala-HCK83\\folderServer\\helpers\\gemini.api.js": {"path":"C:\\Users\\ThinkPad T470p\\Documents\\Hacktive8\\Phase2\\Week3\\IP-Tala-HCK83\\folderServer\\helpers\\gemini.api.js","statementMap":{"0":{"start":{"line":1,"column":0},"end":{"line":1,"column":27}},"1":{"start":{"line":3,"column":30},"end":{"line":3,"column":54}},"2":{"start":{"line":5,"column":11},"end":{"line":5,"column":66}},"3":{"start":{"line":8,"column":2},"end":{"line":38,"column":3}},"4":{"start":{"line":9,"column":21},"end":{"line":29,"column":6}},"5":{"start":{"line":30,"column":4},"end":{"line":30,"column":25}},"6":{"start":{"line":32,"column":4},"end":{"line":32,"column":54}},"7":{"start":{"line":34,"column":4},"end":{"line":36,"column":5}},"8":{"start":{"line":35,"column":6},"end":{"line":35,"column":70}},"9":{"start":{"line":37,"column":4},"end":{"line":37,"column":16}},"10":{"start":{"line":41,"column":0},"end":{"line":43,"column":2}}},"fnMap":{"0":{"name":"generateContent","decl":{"start":{"line":7,"column":15},"end":{"line":7,"column":30}},"loc":{"start":{"line":7,"column":39},"end":{"line":39,"column":1}},"line":7}},"branchMap":{"0":{"loc":{"start":{"line":34,"column":4},"end":{"line":36,"column":5}},"type":"if","locations":[{"start":{"line":34,"column":4},"end":{"line":36,"column":5}},{"start":{},"end":{}}],"line":34},"1":{"loc":{"start":{"line":34,"column":8},"end":{"line":34,"column":55}},"type":"binary-expr","locations":[{"start":{"line":34,"column":8},"end":{"line":34,"column":22}},{"start":{"line":34,"column":26},"end":{"line":34,"column":55}}],"line":34}},"s":{"0":6,"1":6,"2":6,"3":4,"4":4,"5":0,"6":4,"7":4,"8":0,"9":4,"10":6},"f":{"0":4},"b":{"0":[0,4],"1":[4,0]},"_coverageSchema":"1a1c01bbd47fc00a2c39e90264f33305004495a9","hash":"7c44527f6c79330329a580c054fb9b2ae12a2bfc"}
,"C:\\Users\\ThinkPad T470p\\Documents\\Hacktive8\\Phase2\\Week3\\IP-Tala-HCK83\\folderServer\\helpers\\jwt.js": {"path":"C:\\Users\\ThinkPad T470p\\Documents\\Hacktive8\\Phase2\\Week3\\IP-Tala-HCK83\\folderServer\\helpers\\jwt.js","statementMap":{"0":{"start":{"line":1,"column":12},"end":{"line":1,"column":35}},"1":{"start":{"line":2,"column":0},"end":{"line":2,"column":27}},"2":{"start":{"line":3,"column":19},"end":{"line":3,"column":41}},"3":{"start":{"line":4,"column":22},"end":{"line":6,"column":1}},"4":{"start":{"line":5,"column":4},"end":{"line":5,"column":62}},"5":{"start":{"line":8,"column":20},"end":{"line":10,"column":1}},"6":{"start":{"line":9,"column":4},"end":{"line":9,"column":41}},"7":{"start":{"line":12,"column":0},"end":{"line":12,"column":48}}},"fnMap":{"0":{"name":"(anonymous_0)","decl":{"start":{"line":4,"column":22},"end":{"line":4,"column":23}},"loc":{"start":{"line":4,"column":35},"end":{"line":6,"column":1}},"line":4},"1":{"name":"(anonymous_1)","decl":{"start":{"line":8,"column":20},"end":{"line":8,"column":21}},"loc":{"start":{"line":8,"column":31},"end":{"line":10,"column":1}},"line":8}},"branchMap":{},"s":{"0":7,"1":7,"2":7,"3":7,"4":68,"5":7,"6":37,"7":7},"f":{"0":68,"1":37},"b":{},"_coverageSchema":"1a1c01bbd47fc00a2c39e90264f33305004495a9","hash":"caa120ba0dd9113b739016c70f26154337f6f9e2"}
,"C:\\Users\\ThinkPad T470p\\Documents\\Hacktive8\\Phase2\\Week3\\IP-Tala-HCK83\\folderServer\\middlewares\\authentication.js": {"path":"C:\\Users\\ThinkPad T470p\\Documents\\Hacktive8\\Phase2\\Week3\\IP-Tala-HCK83\\folderServer\\middlewares\\authentication.js","statementMap":{"0":{"start":{"line":1,"column":24},"end":{"line":1,"column":49}},"1":{"start":{"line":2,"column":17},"end":{"line":2,"column":37}},"2":{"start":{"line":4,"column":23},"end":{"line":32,"column":1}},"3":{"start":{"line":5,"column":4},"end":{"line":31,"column":5}},"4":{"start":{"line":6,"column":34},"end":{"line":6,"column":45}},"5":{"start":{"line":7,"column":8},"end":{"line":9,"column":9}},"6":{"start":{"line":8,"column":12},"end":{"line":8,"column":79}},"7":{"start":{"line":11,"column":30},"end":{"line":11,"column":54}},"8":{"start":{"line":12,"column":8},"end":{"line":14,"column":9}},"9":{"start":{"line":13,"column":12},"end":{"line":13,"column":76}},"10":{"start":{"line":16,"column":24},"end":{"line":16,"column":42}},"11":{"start":{"line":17,"column":21},"end":{"line":17,"column":52}},"12":{"start":{"line":18,"column":8},"end":{"line":20,"column":9}},"13":{"start":{"line":19,"column":12},"end":{"line":19,"column":70}},"14":{"start":{"line":22,"column":8},"end":{"line":26,"column":10}},"15":{"start":{"line":28,"column":8},"end":{"line":28,"column":15}},"16":{"start":{"line":30,"column":8},"end":{"line":30,"column":20}},"17":{"start":{"line":34,"column":0},"end":{"line":34,"column":32}}},"fnMap":{"0":{"name":"(anonymous_0)","decl":{"start":{"line":4,"column":23},"end":{"line":4,"column":24}},"loc":{"start":{"line":4,"column":49},"end":{"line":32,"column":1}},"line":4}},"branchMap":{"0":{"loc":{"start":{"line":7,"column":8},"end":{"line":9,"column":9}},"type":"if","locations":[{"start":{"line":7,"column":8},"end":{"line":9,"column":9}},{"start":{},"end":{}}],"line":7},"1":{"loc":{"start":{"line":12,"column":8},"end":{"line":14,"column":9}},"type":"if","locations":[{"start":{"line":12,"column":8},"end":{"line":14,"column":9}},{"start":{},"end":{}}],"line":12},"2":{"loc":{"start":{"line":12,"column":12},"end":{"line":12,"column":39}},"type":"binary-expr","locations":[{"start":{"line":12,"column":12},"end":{"line":12,"column":29}},{"start":{"line":12,"column":33},"end":{"line":12,"column":39}}],"line":12},"3":{"loc":{"start":{"line":18,"column":8},"end":{"line":20,"column":9}},"type":"if","locations":[{"start":{"line":18,"column":8},"end":{"line":20,"column":9}},{"start":{},"end":{}}],"line":18}},"s":{"0":6,"1":6,"2":6,"3":45,"4":45,"5":45,"6":8,"7":37,"8":37,"9":2,"10":35,"11":31,"12":31,"13":1,"14":30,"15":30,"16":15,"17":6},"f":{"0":45},"b":{"0":[8,37],"1":[2,35],"2":[37,35],"3":[1,30]},"_coverageSchema":"1a1c01bbd47fc00a2c39e90264f33305004495a9","hash":"94b99542d50a9ae8dee3d71746509da13a42a39a"}
,"C:\\Users\\ThinkPad T470p\\Documents\\Hacktive8\\Phase2\\Week3\\IP-Tala-HCK83\\folderServer\\middlewares\\errorHandler.js": {"path":"C:\\Users\\ThinkPad T470p\\Documents\\Hacktive8\\Phase2\\Week3\\IP-Tala-HCK83\\folderServer\\middlewares\\errorHandler.js","statementMap":{"0":{"start":{"line":1,"column":21},"end":{"line":28,"column":1}},"1":{"start":{"line":2,"column":4},"end":{"line":2,"column":23}},"2":{"start":{"line":4,"column":21},"end":{"line":4,"column":24}},"3":{"start":{"line":5,"column":18},"end":{"line":5,"column":41}},"4":{"start":{"line":7,"column":4},"end":{"line":25,"column":5}},"5":{"start":{"line":8,"column":8},"end":{"line":8,"column":25}},"6":{"start":{"line":9,"column":8},"end":{"line":9,"column":60}},"7":{"start":{"line":9,"column":38},"end":{"line":9,"column":47}},"8":{"start":{"line":10,"column":11},"end":{"line":25,"column":5}},"9":{"start":{"line":11,"column":8},"end":{"line":11,"column":25}},"10":{"start":{"line":12,"column":8},"end":{"line":12,"column":57}},"11":{"start":{"line":13,"column":11},"end":{"line":25,"column":5}},"12":{"start":{"line":14,"column":8},"end":{"line":14,"column":25}},"13":{"start":{"line":15,"column":8},"end":{"line":15,"column":45}},"14":{"start":{"line":16,"column":11},"end":{"line":25,"column":5}},"15":{"start":{"line":17,"column":8},"end":{"line":17,"column":25}},"16":{"start":{"line":18,"column":8},"end":{"line":18,"column":81}},"17":{"start":{"line":19,"column":11},"end":{"line":25,"column":5}},"18":{"start":{"line":20,"column":8},"end":{"line":20,"column":25}},"19":{"start":{"line":21,"column":8},"end":{"line":21,"column":54}},"20":{"start":{"line":22,"column":11},"end":{"line":25,"column":5}},"21":{"start":{"line":23,"column":8},"end":{"line":23,"column":50}},"22":{"start":{"line":24,"column":8},"end":{"line":24,"column":30}},"23":{"start":{"line":27,"column":4},"end":{"line":27,"column":45}},"24":{"start":{"line":30,"column":0},"end":{"line":30,"column":30}}},"fnMap":{"0":{"name":"(anonymous_0)","decl":{"start":{"line":1,"column":21},"end":{"line":1,"column":22}},"loc":{"start":{"line":1,"column":46},"end":{"line":28,"column":1}},"line":1},"1":{"name":"(anonymous_1)","decl":{"start":{"line":9,"column":33},"end":{"line":9,"column":34}},"loc":{"start":{"line":9,"column":38},"end":{"line":9,"column":47}},"line":9}},"branchMap":{"0":{"loc":{"start":{"line":7,"column":4},"end":{"line":25,"column":5}},"type":"if","locations":[{"start":{"line":7,"column":4},"end":{"line":25,"column":5}},{"start":{"line":10,"column":11},"end":{"line":25,"column":5}}],"line":7},"1":{"loc":{"start":{"line":7,"column":8},"end":{"line":7,"column":96}},"type":"binary-expr","locations":[{"start":{"line":7,"column":8},"end":{"line":7,"column":47}},{"start":{"line":7,"column":51},"end":{"line":7,"column":96}}],"line":7},"2":{"loc":{"start":{"line":10,"column":11},"end":{"line":25,"column":5}},"type":"if","locations":[{"start":{"line":10,"column":11},"end":{"line":25,"column":5}},{"start":{"line":13,"column":11},"end":{"line":25,"column":5}}],"line":10},"3":{"loc":{"start":{"line":12,"column":18},"end":{"line":12,"column":56}},"type":"binary-expr","locations":[{"start":{"line":12,"column":18},"end":{"line":12,"column":29}},{"start":{"line":12,"column":33},"end":{"line":12,"column":56}}],"line":12},"4":{"loc":{"start":{"line":13,"column":11},"end":{"line":25,"column":5}},"type":"if","locations":[{"start":{"line":13,"column":11},"end":{"line":25,"column":5}},{"start":{"line":16,"column":11},"end":{"line":25,"column":5}}],"line":13},"5":{"loc":{"start":{"line":13,"column":15},"end":{"line":13,"column":83}},"type":"binary-expr","locations":[{"start":{"line":13,"column":15},"end":{"line":13,"column":47}},{"start":{"line":13,"column":51},"end":{"line":13,"column":83}}],"line":13},"6":{"loc":{"start":{"line":16,"column":11},"end":{"line":25,"column":5}},"type":"if","locations":[{"start":{"line":16,"column":11},"end":{"line":25,"column":5}},{"start":{"line":19,"column":11},"end":{"line":25,"column":5}}],"line":16},"7":{"loc":{"start":{"line":18,"column":18},"end":{"line":18,"column":80}},"type":"binary-expr","locations":[{"start":{"line":18,"column":18},"end":{"line":18,"column":29}},{"start":{"line":18,"column":33},"end":{"line":18,"column":80}}],"line":18},"8":{"loc":{"start":{"line":19,"column":11},"end":{"line":25,"column":5}},"type":"if","locations":[{"start":{"line":19,"column":11},"end":{"line":25,"column":5}},{"start":{"line":22,"column":11},"end":{"line":25,"column":5}}],"line":19},"9":{"loc":{"start":{"line":21,"column":18},"end":{"line":21,"column":53}},"type":"binary-expr","locations":[{"start":{"line":21,"column":18},"end":{"line":21,"column":29}},{"start":{"line":21,"column":33},"end":{"line":21,"column":53}}],"line":21},"10":{"loc":{"start":{"line":22,"column":11},"end":{"line":25,"column":5}},"type":"if","locations":[{"start":{"line":22,"column":11},"end":{"line":25,"column":5}},{"start":{},"end":{}}],"line":22},"11":{"loc":{"start":{"line":23,"column":21},"end":{"line":23,"column":49}},"type":"binary-expr","locations":[{"start":{"line":23,"column":21},"end":{"line":23,"column":35}},{"start":{"line":23,"column":39},"end":{"line":23,"column":49}}],"line":23}},"s":{"0":6,"1":54,"2":54,"3":54,"4":54,"5":6,"6":6,"7":6,"8":48,"9":15,"10":15,"11":33,"12":4,"13":4,"14":29,"15":1,"16":1,"17":28,"18":7,"19":7,"20":21,"21":21,"22":21,"23":54,"24":6},"f":{"0":54,"1":6},"b":{"0":[6,48],"1":[54,52],"2":[15,33],"3":[15,0],"4":[4,29],"5":[33,29],"6":[1,28],"7":[1,0],"8":[7,21],"9":[7,0],"10":[21,0],"11":[21,20]},"_coverageSchema":"1a1c01bbd47fc00a2c39e90264f33305004495a9","hash":"a941233dbd7f534b19bb5412da7dc6d843b4a64e"}
,"C:\\Users\\ThinkPad T470p\\Documents\\Hacktive8\\Phase2\\Week3\\IP-Tala-HCK83\\folderServer\\models\\bodypart.js": {"path":"C:\\Users\\ThinkPad T470p\\Documents\\Hacktive8\\Phase2\\Week3\\IP-Tala-HCK83\\folderServer\\models\\bodypart.js","statementMap":{"0":{"start":{"line":2,"column":18},"end":{"line":2,"column":38}},"1":{"start":{"line":3,"column":0},"end":{"line":28,"column":2}},"2":{"start":{"line":6,"column":6},"end":{"line":6,"column":73}},"3":{"start":{"line":9,"column":2},"end":{"line":26,"column":5}},"4":{"start":{"line":27,"column":2},"end":{"line":27,"column":18}}},"fnMap":{"0":{"name":"(anonymous_0)","decl":{"start":{"line":3,"column":17},"end":{"line":3,"column":18}},"loc":{"start":{"line":3,"column":43},"end":{"line":28,"column":1}},"line":3},"1":{"name":"(anonymous_1)","decl":{"start":{"line":5,"column":4},"end":{"line":5,"column":5}},"loc":{"start":{"line":5,"column":29},"end":{"line":7,"column":5}},"line":5}},"branchMap":{},"s":{"0":11,"1":11,"2":11,"3":11,"4":11},"f":{"0":11,"1":11},"b":{},"_coverageSchema":"1a1c01bbd47fc00a2c39e90264f33305004495a9","hash":"f74d56d6c428a615cb56c70cc5884718f431a364"}
,"C:\\Users\\ThinkPad T470p\\Documents\\Hacktive8\\Phase2\\Week3\\IP-Tala-HCK83\\folderServer\\models\\equipment.js": {"path":"C:\\Users\\ThinkPad T470p\\Documents\\Hacktive8\\Phase2\\Week3\\IP-Tala-HCK83\\folderServer\\models\\equipment.js","statementMap":{"0":{"start":{"line":2,"column":18},"end":{"line":2,"column":38}},"1":{"start":{"line":3,"column":0},"end":{"line":33,"column":2}},"2":{"start":{"line":6,"column":6},"end":{"line":6,"column":72}},"3":{"start":{"line":14,"column":2},"end":{"line":31,"column":5}},"4":{"start":{"line":32,"column":2},"end":{"line":32,"column":19}}},"fnMap":{"0":{"name":"(anonymous_0)","decl":{"start":{"line":3,"column":17},"end":{"line":3,"column":18}},"loc":{"start":{"line":3,"column":43},"end":{"line":33,"column":1}},"line":3},"1":{"name":"(anonymous_1)","decl":{"start":{"line":5,"column":4},"end":{"line":5,"column":5}},"loc":{"start":{"line":5,"column":29},"end":{"line":12,"column":5}},"line":5}},"branchMap":{},"s":{"0":11,"1":11,"2":11,"3":11,"4":11},"f":{"0":11,"1":11},"b":{},"_coverageSchema":"1a1c01bbd47fc00a2c39e90264f33305004495a9","hash":"50b75378dd732217a99d5e02e622f74d22bc812b"}
,"C:\\Users\\ThinkPad T470p\\Documents\\Hacktive8\\Phase2\\Week3\\IP-Tala-HCK83\\folderServer\\models\\exercise.js": {"path":"C:\\Users\\ThinkPad T470p\\Documents\\Hacktive8\\Phase2\\Week3\\IP-Tala-HCK83\\folderServer\\models\\exercise.js","statementMap":{"0":{"start":{"line":2,"column":18},"end":{"line":2,"column":38}},"1":{"start":{"line":3,"column":0},"end":{"line":104,"column":2}},"2":{"start":{"line":7,"column":6},"end":{"line":7,"column":78}},"3":{"start":{"line":9,"column":6},"end":{"line":9,"column":74}},"4":{"start":{"line":12,"column":2},"end":{"line":102,"column":5}},"5":{"start":{"line":103,"column":2},"end":{"line":103,"column":18}}},"fnMap":{"0":{"name":"(anonymous_0)","decl":{"start":{"line":3,"column":17},"end":{"line":3,"column":18}},"loc":{"start":{"line":3,"column":43},"end":{"line":104,"column":1}},"line":3},"1":{"name":"(anonymous_1)","decl":{"start":{"line":5,"column":4},"end":{"line":5,"column":5}},"loc":{"start":{"line":5,"column":29},"end":{"line":10,"column":5}},"line":5}},"branchMap":{},"s":{"0":11,"1":11,"2":11,"3":11,"4":11,"5":11},"f":{"0":11,"1":11},"b":{},"_coverageSchema":"1a1c01bbd47fc00a2c39e90264f33305004495a9","hash":"771bfa4421b14e06a8bfc5ddda5f5b5b765da053"}
,"C:\\Users\\ThinkPad T470p\\Documents\\Hacktive8\\Phase2\\Week3\\IP-Tala-HCK83\\folderServer\\models\\index.js": {"path":"C:\\Users\\ThinkPad T470p\\Documents\\Hacktive8\\Phase2\\Week3\\IP-Tala-HCK83\\folderServer\\models\\index.js","statementMap":{"0":{"start":{"line":3,"column":11},"end":{"line":3,"column":24}},"1":{"start":{"line":4,"column":13},"end":{"line":4,"column":28}},"2":{"start":{"line":5,"column":18},"end":{"line":5,"column":38}},"3":{"start":{"line":6,"column":16},"end":{"line":6,"column":34}},"4":{"start":{"line":7,"column":17},"end":{"line":7,"column":42}},"5":{"start":{"line":8,"column":12},"end":{"line":8,"column":49}},"6":{"start":{"line":9,"column":15},"end":{"line":9,"column":65}},"7":{"start":{"line":10,"column":11},"end":{"line":10,"column":13}},"8":{"start":{"line":13,"column":0},"end":{"line":17,"column":1}},"9":{"start":{"line":14,"column":2},"end":{"line":14,"column":74}},"10":{"start":{"line":16,"column":2},"end":{"line":16,"column":87}},"11":{"start":{"line":19,"column":0},"end":{"line":32,"column":5}},"12":{"start":{"line":22,"column":4},"end":{"line":27,"column":6}},"13":{"start":{"line":30,"column":18},"end":{"line":30,"column":85}},"14":{"start":{"line":31,"column":4},"end":{"line":31,"column":27}},"15":{"start":{"line":34,"column":0},"end":{"line":38,"column":3}},"16":{"start":{"line":35,"column":2},"end":{"line":37,"column":3}},"17":{"start":{"line":36,"column":4},"end":{"line":36,"column":32}},"18":{"start":{"line":40,"column":0},"end":{"line":40,"column":25}},"19":{"start":{"line":41,"column":0},"end":{"line":41,"column":25}},"20":{"start":{"line":43,"column":0},"end":{"line":43,"column":20}}},"fnMap":{"0":{"name":"(anonymous_0)","decl":{"start":{"line":21,"column":10},"end":{"line":21,"column":11}},"loc":{"start":{"line":21,"column":18},"end":{"line":28,"column":3}},"line":21},"1":{"name":"(anonymous_1)","decl":{"start":{"line":29,"column":11},"end":{"line":29,"column":12}},"loc":{"start":{"line":29,"column":19},"end":{"line":32,"column":3}},"line":29},"2":{"name":"(anonymous_2)","decl":{"start":{"line":34,"column":24},"end":{"line":34,"column":25}},"loc":{"start":{"line":34,"column":37},"end":{"line":38,"column":1}},"line":34}},"branchMap":{"0":{"loc":{"start":{"line":8,"column":12},"end":{"line":8,"column":49}},"type":"binary-expr","locations":[{"start":{"line":8,"column":12},"end":{"line":8,"column":32}},{"start":{"line":8,"column":36},"end":{"line":8,"column":49}}],"line":8},"1":{"loc":{"start":{"line":13,"column":0},"end":{"line":17,"column":1}},"type":"if","locations":[{"start":{"line":13,"column":0},"end":{"line":17,"column":1}},{"start":{"line":15,"column":7},"end":{"line":17,"column":1}}],"line":13},"2":{"loc":{"start":{"line":23,"column":6},"end":{"line":26,"column":37}},"type":"binary-expr","locations":[{"start":{"line":23,"column":6},"end":{"line":23,"column":29}},{"start":{"line":24,"column":6},"end":{"line":24,"column":23}},{"start":{"line":25,"column":6},"end":{"line":25,"column":30}},{"start":{"line":26,"column":6},"end":{"line":26,"column":37}}],"line":23},"3":{"loc":{"start":{"line":35,"column":2},"end":{"line":37,"column":3}},"type":"if","locations":[{"start":{"line":35,"column":2},"end":{"line":37,"column":3}},{"start":{},"end":{}}],"line":35}},"s":{"0":11,"1":11,"2":11,"3":11,"4":11,"5":11,"6":11,"7":11,"8":11,"9":0,"10":11,"11":11,"12":66,"13":55,"14":55,"15":11,"16":55,"17":55,"18":11,"19":11,"20":11},"f":{"0":66,"1":55,"2":55},"b":{"0":[11,0],"1":[0,11],"2":[66,66,55,55],"3":[55,0]},"_coverageSchema":"1a1c01bbd47fc00a2c39e90264f33305004495a9","hash":"9dd5439b9e4b1cdf657bb503ca370446da7cb0f2"}
,"C:\\Users\\ThinkPad T470p\\Documents\\Hacktive8\\Phase2\\Week3\\IP-Tala-HCK83\\folderServer\\models\\user.js": {"path":"C:\\Users\\ThinkPad T470p\\Documents\\Hacktive8\\Phase2\\Week3\\IP-Tala-HCK83\\folderServer\\models\\user.js","statementMap":{"0":{"start":{"line":2,"column":18},"end":{"line":2,"column":38}},"1":{"start":{"line":3,"column":25},"end":{"line":3,"column":53}},"2":{"start":{"line":5,"column":0},"end":{"line":72,"column":2}},"3":{"start":{"line":8,"column":6},"end":{"line":8,"column":65}},"4":{"start":{"line":11,"column":2},"end":{"line":70,"column":5}},"5":{"start":{"line":67,"column":8},"end":{"line":67,"column":59}},"6":{"start":{"line":71,"column":2},"end":{"line":71,"column":14}}},"fnMap":{"0":{"name":"(anonymous_0)","decl":{"start":{"line":5,"column":17},"end":{"line":5,"column":18}},"loc":{"start":{"line":5,"column":43},"end":{"line":72,"column":1}},"line":5},"1":{"name":"(anonymous_1)","decl":{"start":{"line":7,"column":4},"end":{"line":7,"column":5}},"loc":{"start":{"line":7,"column":29},"end":{"line":9,"column":5}},"line":7},"2":{"name":"(anonymous_2)","decl":{"start":{"line":66,"column":20},"end":{"line":66,"column":21}},"loc":{"start":{"line":66,"column":34},"end":{"line":68,"column":7}},"line":66}},"branchMap":{},"s":{"0":11,"1":11,"2":11,"3":11,"4":11,"5":73,"6":11},"f":{"0":11,"1":11,"2":73},"b":{},"_coverageSchema":"1a1c01bbd47fc00a2c39e90264f33305004495a9","hash":"30c27f8f85b6fcf45ddade5ac80e331a9391bb8d"}
,"C:\\Users\\ThinkPad T470p\\Documents\\Hacktive8\\Phase2\\Week3\\IP-Tala-HCK83\\folderServer\\models\\workoutlist.js": {"path":"C:\\Users\\ThinkPad T470p\\Documents\\Hacktive8\\Phase2\\Week3\\IP-Tala-HCK83\\folderServer\\models\\workoutlist.js","statementMap":{"0":{"start":{"line":2,"column":18},"end":{"line":2,"column":38}},"1":{"start":{"line":3,"column":0},"end":{"line":51,"column":2}},"2":{"start":{"line":6,"column":6},"end":{"line":6,"column":67}},"3":{"start":{"line":7,"column":6},"end":{"line":7,"column":75}},"4":{"start":{"line":8,"column":6},"end":{"line":8,"column":76}},"5":{"start":{"line":17,"column":2},"end":{"line":49,"column":5}},"6":{"start":{"line":50,"column":2},"end":{"line":50,"column":21}}},"fnMap":{"0":{"name":"(anonymous_0)","decl":{"start":{"line":3,"column":17},"end":{"line":3,"column":18}},"loc":{"start":{"line":3,"column":43},"end":{"line":51,"column":1}},"line":3},"1":{"name":"(anonymous_1)","decl":{"start":{"line":5,"column":4},"end":{"line":5,"column":5}},"loc":{"start":{"line":5,"column":29},"end":{"line":15,"column":5}},"line":5}},"branchMap":{},"s":{"0":11,"1":11,"2":11,"3":11,"4":11,"5":11,"6":11},"f":{"0":11,"1":11},"b":{},"_coverageSchema":"1a1c01bbd47fc00a2c39e90264f33305004495a9","hash":"f6873d67893405860b9350a4f231d11f9a411c4c"}
,"C:\\Users\\ThinkPad T470p\\Documents\\Hacktive8\\Phase2\\Week3\\IP-Tala-HCK83\\folderServer\\routes\\bodyPartRouter.js": {"path":"C:\\Users\\ThinkPad T470p\\Documents\\Hacktive8\\Phase2\\Week3\\IP-Tala-HCK83\\folderServer\\routes\\bodyPartRouter.js","statementMap":{"0":{"start":{"line":1,"column":16},"end":{"line":1,"column":34}},"1":{"start":{"line":2,"column":27},"end":{"line":2,"column":71}},"2":{"start":{"line":3,"column":15},"end":{"line":3,"column":31}},"3":{"start":{"line":6,"column":0},"end":{"line":6,"column":52}},"4":{"start":{"line":8,"column":0},"end":{"line":8,"column":24}}},"fnMap":{},"branchMap":{},"s":{"0":6,"1":6,"2":6,"3":6,"4":6},"f":{},"b":{},"_coverageSchema":"1a1c01bbd47fc00a2c39e90264f33305004495a9","hash":"531c7c999086a5c4631082c74385a3d2b9a38454"}
,"C:\\Users\\ThinkPad T470p\\Documents\\Hacktive8\\Phase2\\Week3\\IP-Tala-HCK83\\folderServer\\routes\\equipmentRouter.js": {"path":"C:\\Users\\ThinkPad T470p\\Documents\\Hacktive8\\Phase2\\Week3\\IP-Tala-HCK83\\folderServer\\routes\\equipmentRouter.js","statementMap":{"0":{"start":{"line":1,"column":16},"end":{"line":1,"column":34}},"1":{"start":{"line":2,"column":28},"end":{"line":2,"column":73}},"2":{"start":{"line":3,"column":15},"end":{"line":3,"column":31}},"3":{"start":{"line":6,"column":0},"end":{"line":6,"column":54}},"4":{"start":{"line":8,"column":0},"end":{"line":8,"column":24}}},"fnMap":{},"branchMap":{},"s":{"0":6,"1":6,"2":6,"3":6,"4":6},"f":{},"b":{},"_coverageSchema":"1a1c01bbd47fc00a2c39e90264f33305004495a9","hash":"8ce645d3dcc3feae8a544bf012524fe56d68e7b5"}
,"C:\\Users\\ThinkPad T470p\\Documents\\Hacktive8\\Phase2\\Week3\\IP-Tala-HCK83\\folderServer\\routes\\index.js": {"path":"C:\\Users\\ThinkPad T470p\\Documents\\Hacktive8\\Phase2\\Week3\\IP-Tala-HCK83\\folderServer\\routes\\index.js","statementMap":{"0":{"start":{"line":1,"column":16},"end":{"line":1,"column":34}},"1":{"start":{"line":2,"column":15},"end":{"line":2,"column":31}},"2":{"start":{"line":3,"column":19},"end":{"line":3,"column":42}},"3":{"start":{"line":4,"column":26},"end":{"line":4,"column":56}},"4":{"start":{"line":5,"column":24},"end":{"line":5,"column":52}},"5":{"start":{"line":6,"column":23},"end":{"line":6,"column":50}},"6":{"start":{"line":7,"column":23},"end":{"line":7,"column":63}},"7":{"start":{"line":9,"column":0},"end":{"line":9,"column":33}},"8":{"start":{"line":12,"column":0},"end":{"line":12,"column":27}},"9":{"start":{"line":13,"column":0},"end":{"line":13,"column":47}},"10":{"start":{"line":14,"column":0},"end":{"line":14,"column":43}},"11":{"start":{"line":15,"column":0},"end":{"line":15,"column":41}},"12":{"start":{"line":17,"column":0},"end":{"line":17,"column":24}}},"fnMap":{},"branchMap":{},"s":{"0":6,"1":6,"2":6,"3":6,"4":6,"5":6,"6":6,"7":6,"8":6,"9":6,"10":6,"11":6,"12":6},"f":{},"b":{},"_coverageSchema":"1a1c01bbd47fc00a2c39e90264f33305004495a9","hash":"ea912ec66f8f1ae2e3645937ab22d8c367ba4e3a"}
,"C:\\Users\\ThinkPad T470p\\Documents\\Hacktive8\\Phase2\\Week3\\IP-Tala-HCK83\\folderServer\\routes\\userRouter.js": {"path":"C:\\Users\\ThinkPad T470p\\Documents\\Hacktive8\\Phase2\\Week3\\IP-Tala-HCK83\\folderServer\\routes\\userRouter.js","statementMap":{"0":{"start":{"line":1,"column":16},"end":{"line":1,"column":34}},"1":{"start":{"line":2,"column":23},"end":{"line":2,"column":63}},"2":{"start":{"line":3,"column":15},"end":{"line":3,"column":31}},"3":{"start":{"line":5,"column":0},"end":{"line":5,"column":50}},"4":{"start":{"line":6,"column":0},"end":{"line":6,"column":44}},"5":{"start":{"line":7,"column":0},"end":{"line":7,"column":57}},"6":{"start":{"line":9,"column":0},"end":{"line":9,"column":24}}},"fnMap":{},"branchMap":{},"s":{"0":6,"1":6,"2":6,"3":6,"4":6,"5":6,"6":6},"f":{},"b":{},"_coverageSchema":"1a1c01bbd47fc00a2c39e90264f33305004495a9","hash":"5b5bfa52cb725861363bf41453cc91a4846ac00d"}
,"C:\\Users\\ThinkPad T470p\\Documents\\Hacktive8\\Phase2\\Week3\\IP-Tala-HCK83\\folderServer\\routes\\workoutListRouter.js": {"path":"C:\\Users\\ThinkPad T470p\\Documents\\Hacktive8\\Phase2\\Week3\\IP-Tala-HCK83\\folderServer\\routes\\workoutListRouter.js","statementMap":{"0":{"start":{"line":1,"column":16},"end":{"line":1,"column":34}},"1":{"start":{"line":2,"column":30},"end":{"line":2,"column":77}},"2":{"start":{"line":3,"column":15},"end":{"line":3,"column":31}},"3":{"start":{"line":6,"column":0},"end":{"line":6,"column":58}},"4":{"start":{"line":7,"column":0},"end":{"line":7,"column":58}},"5":{"start":{"line":8,"column":0},"end":{"line":8,"column":61}},"6":{"start":{"line":9,"column":0},"end":{"line":9,"column":103}},"7":{"start":{"line":10,"column":0},"end":{"line":10,"column":63}},"8":{"start":{"line":12,"column":0},"end":{"line":12,"column":24}}},"fnMap":{},"branchMap":{},"s":{"0":6,"1":6,"2":6,"3":6,"4":6,"5":6,"6":6,"7":6,"8":6},"f":{},"b":{},"_coverageSchema":"1a1c01bbd47fc00a2c39e90264f33305004495a9","hash":"7c3b92146037082da30226ca403f75fe3a343ccd"}
}
