TN:
SF:controllers\bodyPartController.js
FN:4,(anonymous_0)
FNF:1
FNH:1
FNDA:3,(anonymous_0)
DA:1,6
DA:5,3
DA:6,3
DA:9,2
DA:11,1
DA:16,6
LF:6
LH:6
BRF:0
BRH:0
end_of_record
TN:
SF:controllers\equipmentController.js
FN:4,(anonymous_0)
FNF:1
FNH:1
FNDA:3,(anonymous_0)
DA:1,6
DA:5,3
DA:6,3
DA:9,2
DA:11,1
DA:16,6
LF:6
LH:6
BRF:0
BRH:0
end_of_record
TN:
SF:controllers\userController.js
FN:10,(anonymous_0)
FN:29,(anonymous_1)
FN:55,(anonymous_2)
FNF:3
FNH:3
FNDA:10,(anonymous_0)
FNDA:7,(anonymous_1)
FNDA:6,(anonymous_2)
DA:1,6
DA:2,6
DA:3,6
DA:4,6
DA:5,6
DA:7,6
DA:11,10
DA:12,10
DA:13,10
DA:14,2
DA:18,8
DA:19,3
DA:25,7
DA:30,7
DA:31,7
DA:32,7
DA:33,2
DA:36,5
DA:37,5
DA:38,2
DA:41,3
DA:42,3
DA:43,2
DA:46,1
DA:47,1
DA:49,1
DA:51,6
DA:56,6
DA:58,6
DA:60,6
DA:61,1
DA:64,5
DA:69,5
DA:72,4
DA:74,4
DA:76,3
DA:85,4
DA:90,4
DA:92,4
DA:101,2
DA:102,2
DA:107,6
LF:42
LH:42
BRDA:13,0,0,2
BRDA:13,0,1,8
BRDA:13,1,0,10
BRDA:13,1,1,9
BRDA:13,1,2,8
BRDA:32,2,0,2
BRDA:32,2,1,5
BRDA:32,3,0,7
BRDA:32,3,1,6
BRDA:37,4,0,2
BRDA:37,4,1,3
BRDA:42,5,0,2
BRDA:42,5,1,1
BRDA:60,6,0,1
BRDA:60,6,1,5
BRDA:74,7,0,3
BRDA:74,7,1,1
BRF:17
BRH:17
end_of_record
TN:
SF:controllers\workoutListController.js
FN:14,(anonymous_0)
FN:55,(anonymous_1)
FN:70,(anonymous_2)
FN:104,(anonymous_3)
FN:130,(anonymous_4)
FN:167,(anonymous_5)
FN:217,(anonymous_6)
FN:249,generateExercisesFromAI
FNF:8
FNH:7
FNDA:10,(anonymous_0)
FNDA:5,(anonymous_1)
FNDA:0,(anonymous_2)
FNDA:3,(anonymous_3)
FNDA:3,(anonymous_4)
FNDA:6,(anonymous_5)
FNDA:2,(anonymous_6)
FNDA:4,generateExercisesFromAI
DA:7,6
DA:8,6
DA:9,6
DA:10,6
DA:11,6
DA:15,10
DA:16,10
DA:17,10
DA:19,10
DA:20,1
DA:22,9
DA:27,2
DA:34,7
DA:35,7
DA:36,2
DA:40,5
DA:43,5
DA:44,1
DA:48,4
DA:55,5
DA:56,4
DA:61,0
DA:62,0
DA:69,0
DA:70,0
DA:72,0
DA:73,0
DA:80,0
DA:83,0
DA:98,0
DA:100,10
DA:105,3
DA:106,3
DA:107,3
DA:124,3
DA:126,0
DA:131,3
DA:132,3
DA:133,3
DA:135,3
DA:153,2
DA:154,1
DA:160,1
DA:161,1
DA:163,2
DA:169,6
DA:170,6
DA:171,6
DA:172,6
DA:174,6
DA:175,1
DA:181,5
DA:185,5
DA:186,1
DA:192,4
DA:196,4
DA:197,1
DA:204,3
DA:205,3
DA:207,3
DA:209,3
DA:213,3
DA:218,2
DA:219,2
DA:220,2
DA:222,2
DA:226,2
DA:227,1
DA:234,1
DA:237,1
DA:239,1
DA:241,1
DA:246,6
DA:250,4
DA:256,4
DA:258,4
DA:277,4
DA:278,4
DA:279,4
DA:282,4
DA:284,2
DA:285,1
DA:289,1
DA:296,1
DA:297,1
DA:304,1
DA:305,1
DA:312,0
DA:314,4
DA:315,4
DA:316,2
DA:321,2
LF:92
LH:81
BRDA:19,0,0,1
BRDA:19,0,1,9
BRDA:22,1,0,2
BRDA:22,1,1,7
BRDA:23,2,0,9
BRDA:23,2,1,9
BRDA:23,2,2,8
BRDA:35,3,0,2
BRDA:35,3,1,5
BRDA:43,4,0,1
BRDA:43,4,1,4
BRDA:61,5,0,0
BRDA:61,5,1,0
BRDA:61,6,0,0
BRDA:61,6,1,0
BRDA:153,7,0,1
BRDA:153,7,1,1
BRDA:174,8,0,1
BRDA:174,8,1,5
BRDA:174,9,0,6
BRDA:174,9,1,2
BRDA:185,10,0,1
BRDA:185,10,1,4
BRDA:196,11,0,1
BRDA:196,11,1,3
BRDA:204,12,0,2
BRDA:204,12,1,1
BRDA:205,13,0,2
BRDA:205,13,1,1
BRDA:226,14,0,1
BRDA:226,14,1,1
BRDA:284,15,0,1
BRDA:284,15,1,1
BRDA:284,16,0,2
BRDA:284,16,1,2
BRDA:297,17,0,1
BRDA:297,17,1,0
BRDA:298,18,0,1
BRDA:298,18,1,1
BRDA:298,18,2,1
BRDA:298,18,3,0
BRDA:298,18,4,0
BRDA:315,19,0,2
BRDA:315,19,1,2
BRF:44
BRH:37
end_of_record
TN:
SF:helpers\bcrypt.js
FN:3,(anonymous_0)
FN:8,(anonymous_1)
FNF:2
FNH:2
FNDA:79,(anonymous_0)
FNDA:5,(anonymous_1)
DA:1,11
DA:3,11
DA:4,79
DA:5,79
DA:8,11
DA:9,5
DA:12,11
LF:7
LH:7
BRF:0
BRH:0
end_of_record
TN:
SF:helpers\gemini.api.js
FN:7,generateContent
FNF:1
FNH:1
FNDA:4,generateContent
DA:1,6
DA:3,6
DA:5,6
DA:8,4
DA:9,4
DA:30,0
DA:32,4
DA:34,4
DA:35,0
DA:37,4
DA:41,6
LF:11
LH:9
BRDA:34,0,0,0
BRDA:34,0,1,4
BRDA:34,1,0,4
BRDA:34,1,1,0
BRF:4
BRH:2
end_of_record
TN:
SF:helpers\jwt.js
FN:4,(anonymous_0)
FN:8,(anonymous_1)
FNF:2
FNH:2
FNDA:68,(anonymous_0)
FNDA:37,(anonymous_1)
DA:1,7
DA:2,7
DA:3,7
DA:4,7
DA:5,68
DA:8,7
DA:9,37
DA:12,7
LF:8
LH:8
BRF:0
BRH:0
end_of_record
TN:
SF:middlewares\authentication.js
FN:4,(anonymous_0)
FNF:1
FNH:1
FNDA:45,(anonymous_0)
DA:1,6
DA:2,6
DA:4,6
DA:5,45
DA:6,45
DA:7,45
DA:8,8
DA:11,37
DA:12,37
DA:13,2
DA:16,35
DA:17,31
DA:18,31
DA:19,1
DA:22,30
DA:28,30
DA:30,15
DA:34,6
LF:18
LH:18
BRDA:7,0,0,8
BRDA:7,0,1,37
BRDA:12,1,0,2
BRDA:12,1,1,35
BRDA:12,2,0,37
BRDA:12,2,1,35
BRDA:18,3,0,1
BRDA:18,3,1,30
BRF:8
BRH:8
end_of_record
TN:
SF:middlewares\errorHandler.js
FN:1,(anonymous_0)
FN:9,(anonymous_1)
FNF:2
FNH:2
FNDA:54,(anonymous_0)
FNDA:6,(anonymous_1)
DA:1,6
DA:2,54
DA:4,54
DA:5,54
DA:7,54
DA:8,6
DA:9,6
DA:10,48
DA:11,15
DA:12,15
DA:13,33
DA:14,4
DA:15,4
DA:16,29
DA:17,1
DA:18,1
DA:19,28
DA:20,7
DA:21,7
DA:22,21
DA:23,21
DA:24,21
DA:27,54
DA:30,6
LF:24
LH:24
BRDA:7,0,0,6
BRDA:7,0,1,48
BRDA:7,1,0,54
BRDA:7,1,1,52
BRDA:10,2,0,15
BRDA:10,2,1,33
BRDA:12,3,0,15
BRDA:12,3,1,0
BRDA:13,4,0,4
BRDA:13,4,1,29
BRDA:13,5,0,33
BRDA:13,5,1,29
BRDA:16,6,0,1
BRDA:16,6,1,28
BRDA:18,7,0,1
BRDA:18,7,1,0
BRDA:19,8,0,7
BRDA:19,8,1,21
BRDA:21,9,0,7
BRDA:21,9,1,0
BRDA:22,10,0,21
BRDA:22,10,1,0
BRDA:23,11,0,21
BRDA:23,11,1,20
BRF:24
BRH:20
end_of_record
TN:
SF:models\bodypart.js
FN:3,(anonymous_0)
FN:5,(anonymous_1)
FNF:2
FNH:2
FNDA:11,(anonymous_0)
FNDA:11,(anonymous_1)
DA:2,11
DA:3,11
DA:6,11
DA:9,11
DA:27,11
LF:5
LH:5
BRF:0
BRH:0
end_of_record
TN:
SF:models\equipment.js
FN:3,(anonymous_0)
FN:5,(anonymous_1)
FNF:2
FNH:2
FNDA:11,(anonymous_0)
FNDA:11,(anonymous_1)
DA:2,11
DA:3,11
DA:6,11
DA:14,11
DA:32,11
LF:5
LH:5
BRF:0
BRH:0
end_of_record
TN:
SF:models\exercise.js
FN:3,(anonymous_0)
FN:5,(anonymous_1)
FNF:2
FNH:2
FNDA:11,(anonymous_0)
FNDA:11,(anonymous_1)
DA:2,11
DA:3,11
DA:7,11
DA:9,11
DA:12,11
DA:103,11
LF:6
LH:6
BRF:0
BRH:0
end_of_record
TN:
SF:models\index.js
FN:21,(anonymous_0)
FN:29,(anonymous_1)
FN:34,(anonymous_2)
FNF:3
FNH:3
FNDA:66,(anonymous_0)
FNDA:55,(anonymous_1)
FNDA:55,(anonymous_2)
DA:3,11
DA:4,11
DA:5,11
DA:6,11
DA:7,11
DA:8,11
DA:9,11
DA:10,11
DA:13,11
DA:14,0
DA:16,11
DA:19,11
DA:22,66
DA:30,55
DA:31,55
DA:34,11
DA:35,55
DA:36,55
DA:40,11
DA:41,11
DA:43,11
LF:21
LH:20
BRDA:8,0,0,11
BRDA:8,0,1,0
BRDA:13,1,0,0
BRDA:13,1,1,11
BRDA:23,2,0,66
BRDA:23,2,1,66
BRDA:23,2,2,55
BRDA:23,2,3,55
BRDA:35,3,0,55
BRDA:35,3,1,0
BRF:10
BRH:7
end_of_record
TN:
SF:models\user.js
FN:5,(anonymous_0)
FN:7,(anonymous_1)
FN:66,(anonymous_2)
FNF:3
FNH:3
FNDA:11,(anonymous_0)
FNDA:11,(anonymous_1)
FNDA:73,(anonymous_2)
DA:2,11
DA:3,11
DA:5,11
DA:8,11
DA:11,11
DA:67,73
DA:71,11
LF:7
LH:7
BRF:0
BRH:0
end_of_record
TN:
SF:models\workoutlist.js
FN:3,(anonymous_0)
FN:5,(anonymous_1)
FNF:2
FNH:2
FNDA:11,(anonymous_0)
FNDA:11,(anonymous_1)
DA:2,11
DA:3,11
DA:6,11
DA:7,11
DA:8,11
DA:17,11
DA:50,11
LF:7
LH:7
BRF:0
BRH:0
end_of_record
TN:
SF:routes\bodyPartRouter.js
FNF:0
FNH:0
DA:1,6
DA:2,6
DA:3,6
DA:6,6
DA:8,6
LF:5
LH:5
BRF:0
BRH:0
end_of_record
TN:
SF:routes\equipmentRouter.js
FNF:0
FNH:0
DA:1,6
DA:2,6
DA:3,6
DA:6,6
DA:8,6
LF:5
LH:5
BRF:0
BRH:0
end_of_record
TN:
SF:routes\index.js
FNF:0
FNH:0
DA:1,6
DA:2,6
DA:3,6
DA:4,6
DA:5,6
DA:6,6
DA:7,6
DA:9,6
DA:12,6
DA:13,6
DA:14,6
DA:15,6
DA:17,6
LF:13
LH:13
BRF:0
BRH:0
end_of_record
TN:
SF:routes\userRouter.js
FNF:0
FNH:0
DA:1,6
DA:2,6
DA:3,6
DA:5,6
DA:6,6
DA:7,6
DA:9,6
LF:7
LH:7
BRF:0
BRH:0
end_of_record
TN:
SF:routes\workoutListRouter.js
FNF:0
FNH:0
DA:1,6
DA:2,6
DA:3,6
DA:6,6
DA:7,6
DA:8,6
DA:9,6
DA:10,6
DA:12,6
LF:9
LH:9
BRF:0
BRH:0
end_of_record
