TN:
SF:controllers\bodyPartController.js
FN:4,(anonymous_0)
FNF:1
FNH:1
FNDA:3,(anonymous_0)
DA:1,6
DA:5,3
DA:6,3
DA:9,2
DA:11,1
DA:16,6
LF:6
LH:6
BRF:0
BRH:0
end_of_record
TN:
SF:controllers\equipmentController.js
FN:4,(anonymous_0)
FNF:1
FNH:1
FNDA:3,(anonymous_0)
DA:1,6
DA:5,3
DA:6,3
DA:9,2
DA:11,1
DA:16,6
LF:6
LH:6
BRF:0
BRH:0
end_of_record
TN:
SF:controllers\userController.js
FN:12,(anonymous_0)
FN:34,(anonymous_1)
FN:69,(anonymous_2)
FN:126,(anonymous_3)
FNF:4
FNH:4
FNDA:9,(anonymous_0)
FNDA:6,(anonymous_1)
FNDA:4,(anonymous_2)
FNDA:7,(anonymous_3)
DA:1,6
DA:2,6
DA:3,6
DA:4,6
DA:5,6
DA:6,6
DA:7,6
DA:9,6
DA:13,9
DA:14,9
DA:15,9
DA:16,5
DA:23,4
DA:24,2
DA:30,7
DA:35,6
DA:36,6
DA:37,6
DA:38,2
DA:44,4
DA:45,4
DA:46,2
DA:49,2
DA:50,2
DA:51,1
DA:54,1
DA:59,1
DA:61,1
DA:65,5
DA:70,4
DA:72,4
DA:74,4
DA:75,1
DA:78,3
DA:83,2
DA:84,2
DA:87,2
DA:89,2
DA:91,2
DA:92,2
DA:94,2
DA:103,2
DA:108,2
DA:110,2
DA:118,2
DA:119,2
DA:127,7
DA:128,7
DA:130,7
DA:131,7
DA:132,7
DA:134,7
DA:135,1
DA:138,6
DA:139,1
DA:143,5
DA:144,5
DA:151,4
DA:152,4
DA:155,4
DA:156,1
DA:160,3
DA:162,3
DA:171,3
DA:173,2
DA:177,2
DA:178,2
DA:180,2
DA:181,1
DA:182,1
DA:185,2
DA:187,2
DA:196,1
DA:197,1
DA:198,1
DA:203,3
DA:208,3
DA:210,3
DA:218,4
DA:224,4
DA:225,1
DA:231,3
DA:236,6
LF:83
LH:83
BRDA:15,0,0,5
BRDA:15,0,1,4
BRDA:15,1,0,9
BRDA:15,1,1,7
BRDA:15,1,2,5
BRDA:37,2,0,2
BRDA:37,2,1,4
BRDA:37,3,0,6
BRDA:37,3,1,5
BRDA:45,4,0,2
BRDA:45,4,1,2
BRDA:50,5,0,1
BRDA:50,5,1,1
BRDA:74,6,0,1
BRDA:74,6,1,3
BRDA:89,7,0,2
BRDA:89,7,1,0
BRDA:132,8,0,6
BRDA:132,8,1,1
BRDA:134,9,0,1
BRDA:134,9,1,6
BRDA:138,10,0,1
BRDA:138,10,1,5
BRDA:138,11,0,6
BRDA:138,11,1,5
BRDA:155,12,0,1
BRDA:155,12,1,3
BRDA:155,13,0,4
BRDA:155,13,1,3
BRDA:165,14,0,3
BRDA:165,14,1,0
BRDA:171,15,0,2
BRDA:171,15,1,1
BRDA:173,16,0,2
BRDA:173,16,1,0
BRDA:174,17,0,0
BRDA:174,17,1,0
BRDA:174,18,0,0
BRDA:174,18,1,0
BRDA:185,19,0,2
BRDA:185,19,1,0
BRDA:196,20,0,1
BRDA:196,20,1,0
BRDA:224,21,0,1
BRDA:224,21,1,3
BRDA:224,22,0,4
BRDA:224,22,1,1
BRDA:227,23,0,1
BRDA:227,23,1,0
BRF:49
BRH:39
end_of_record
TN:
SF:controllers\workoutListController.js
FN:14,(anonymous_0)
FN:57,(anonymous_1)
FN:74,(anonymous_2)
FN:109,(anonymous_3)
FN:135,(anonymous_4)
FN:172,(anonymous_5)
FN:222,(anonymous_6)
FN:254,generateExercisesFromAI
FNF:8
FNH:8
FNDA:11,(anonymous_0)
FNDA:6,(anonymous_1)
FNDA:1,(anonymous_2)
FNDA:2,(anonymous_3)
FNDA:3,(anonymous_4)
FNDA:4,(anonymous_5)
FNDA:2,(anonymous_6)
FNDA:5,generateExercisesFromAI
DA:7,6
DA:8,6
DA:9,6
DA:10,6
DA:11,6
DA:15,11
DA:16,11
DA:17,11
DA:18,11
DA:19,11
DA:21,11
DA:22,1
DA:24,10
DA:29,2
DA:36,8
DA:37,8
DA:38,2
DA:42,6
DA:45,6
DA:46,1
DA:50,5
DA:57,6
DA:58,5
DA:59,5
DA:63,1
DA:65,1
DA:66,0
DA:73,1
DA:74,1
DA:76,1
DA:77,1
DA:84,1
DA:87,1
DA:102,1
DA:104,10
DA:105,10
DA:110,2
DA:111,2
DA:112,2
DA:129,2
DA:131,0
DA:136,3
DA:137,3
DA:138,3
DA:140,3
DA:158,2
DA:159,1
DA:165,1
DA:166,1
DA:168,2
DA:174,4
DA:175,4
DA:176,4
DA:177,4
DA:179,4
DA:180,1
DA:186,3
DA:190,3
DA:191,1
DA:197,2
DA:201,2
DA:202,1
DA:209,1
DA:210,1
DA:212,1
DA:214,1
DA:218,3
DA:223,2
DA:224,2
DA:225,2
DA:227,2
DA:231,2
DA:232,1
DA:239,1
DA:242,1
DA:244,1
DA:246,1
DA:251,6
DA:255,5
DA:261,5
DA:263,5
DA:283,5
DA:284,5
DA:285,5
DA:288,5
DA:290,5
DA:291,3
DA:295,3
DA:302,2
DA:303,2
DA:310,1
DA:311,1
DA:318,1
DA:320,4
DA:321,4
DA:322,0
DA:327,4
LF:97
LH:94
BRDA:21,0,0,1
BRDA:21,0,1,10
BRDA:24,1,0,2
BRDA:24,1,1,8
BRDA:25,2,0,10
BRDA:25,2,1,10
BRDA:25,2,2,9
BRDA:37,3,0,2
BRDA:37,3,1,6
BRDA:45,4,0,1
BRDA:45,4,1,5
BRDA:65,5,0,0
BRDA:65,5,1,1
BRDA:65,6,0,1
BRDA:65,6,1,1
BRDA:158,7,0,1
BRDA:158,7,1,1
BRDA:179,8,0,1
BRDA:179,8,1,3
BRDA:179,9,0,4
BRDA:179,9,1,1
BRDA:190,10,0,1
BRDA:190,10,1,2
BRDA:201,11,0,1
BRDA:201,11,1,1
BRDA:209,12,0,1
BRDA:209,12,1,0
BRDA:210,13,0,1
BRDA:210,13,1,0
BRDA:231,14,0,1
BRDA:231,14,1,1
BRDA:290,15,0,3
BRDA:290,15,1,2
BRDA:290,16,0,5
BRDA:290,16,1,3
BRDA:303,17,0,1
BRDA:303,17,1,1
BRDA:304,18,0,2
BRDA:304,18,1,2
BRDA:304,18,2,2
BRDA:304,18,3,1
BRDA:304,18,4,1
BRDA:321,19,0,0
BRDA:321,19,1,4
BRF:44
BRH:40
end_of_record
TN:
SF:helpers\bcrypt.js
FN:3,(anonymous_0)
FN:8,(anonymous_1)
FNF:2
FNH:2
FNDA:73,(anonymous_0)
FNDA:4,(anonymous_1)
DA:1,11
DA:3,11
DA:4,73
DA:5,73
DA:8,11
DA:9,4
DA:12,11
LF:7
LH:7
BRF:0
BRH:0
end_of_record
TN:
SF:helpers\gemini.api.js
FN:6,generateContent
FNF:1
FNH:1
FNDA:8,generateContent
DA:1,6
DA:2,6
DA:4,6
DA:7,8
DA:8,8
DA:30,6
DA:34,6
DA:35,4
DA:36,2
DA:37,1
DA:40,1
DA:43,6
DA:46,6
DA:47,5
DA:49,3
DA:50,3
DA:51,1
DA:53,2
DA:57,6
LF:19
LH:19
BRDA:34,0,0,4
BRDA:34,0,1,2
BRDA:36,1,0,1
BRDA:36,1,1,1
BRDA:40,2,0,1
BRDA:40,2,1,0
BRDA:50,3,0,1
BRDA:50,3,1,2
BRDA:50,4,0,3
BRDA:50,4,1,1
BRF:10
BRH:9
end_of_record
TN:
SF:helpers\jwt.js
FN:4,(anonymous_0)
FN:8,(anonymous_1)
FNF:2
FNH:2
FNDA:65,(anonymous_0)
FNDA:40,(anonymous_1)
DA:1,7
DA:2,7
DA:3,7
DA:4,7
DA:5,65
DA:8,7
DA:9,40
DA:12,7
LF:8
LH:8
BRF:0
BRH:0
end_of_record
TN:
SF:middlewares\authentication.js
FN:4,(anonymous_0)
FNF:1
FNH:1
FNDA:45,(anonymous_0)
DA:1,6
DA:2,6
DA:4,6
DA:5,45
DA:6,45
DA:7,45
DA:8,7
DA:11,38
DA:12,38
DA:13,1
DA:16,37
DA:17,30
DA:18,30
DA:19,2
DA:22,28
DA:28,28
DA:30,17
DA:34,6
LF:18
LH:18
BRDA:7,0,0,7
BRDA:7,0,1,38
BRDA:12,1,0,1
BRDA:12,1,1,37
BRDA:12,2,0,38
BRDA:12,2,1,37
BRDA:18,3,0,2
BRDA:18,3,1,28
BRF:8
BRH:8
end_of_record
TN:
SF:middlewares\errorHandler.js
FN:1,(anonymous_0)
FN:9,(anonymous_1)
FNF:2
FNH:2
FNDA:63,(anonymous_0)
FNDA:4,(anonymous_1)
DA:1,6
DA:2,63
DA:4,63
DA:5,63
DA:7,63
DA:8,4
DA:9,4
DA:10,59
DA:11,16
DA:12,16
DA:13,43
DA:14,14
DA:15,14
DA:16,29
DA:17,7
DA:18,7
DA:19,22
DA:20,2
DA:21,2
DA:22,20
DA:23,8
DA:24,8
DA:25,12
DA:26,4
DA:27,4
DA:28,8
DA:29,2
DA:30,2
DA:34,63
DA:37,6
LF:30
LH:30
BRDA:7,0,0,4
BRDA:7,0,1,59
BRDA:7,1,0,63
BRDA:7,1,1,61
BRDA:10,2,0,16
BRDA:10,2,1,43
BRDA:12,3,0,16
BRDA:12,3,1,0
BRDA:13,4,0,14
BRDA:13,4,1,29
BRDA:15,5,0,14
BRDA:15,5,1,1
BRDA:16,6,0,7
BRDA:16,6,1,22
BRDA:16,7,0,29
BRDA:16,7,1,25
BRDA:19,8,0,2
BRDA:19,8,1,20
BRDA:21,9,0,2
BRDA:21,9,1,1
BRDA:22,10,0,8
BRDA:22,10,1,12
BRDA:24,11,0,8
BRDA:24,11,1,1
BRDA:25,12,0,4
BRDA:25,12,1,8
BRDA:27,13,0,4
BRDA:27,13,1,0
BRDA:28,14,0,2
BRDA:28,14,1,6
BRDA:28,15,0,8
BRDA:28,15,1,2
BRF:32
BRH:30
end_of_record
TN:
SF:models\bodypart.js
FN:3,(anonymous_0)
FN:5,(anonymous_1)
FNF:2
FNH:2
FNDA:11,(anonymous_0)
FNDA:11,(anonymous_1)
DA:2,11
DA:3,11
DA:6,11
DA:9,11
DA:27,11
LF:5
LH:5
BRF:0
BRH:0
end_of_record
TN:
SF:models\equipment.js
FN:3,(anonymous_0)
FN:5,(anonymous_1)
FNF:2
FNH:2
FNDA:11,(anonymous_0)
FNDA:11,(anonymous_1)
DA:2,11
DA:3,11
DA:6,11
DA:14,11
DA:32,11
LF:5
LH:5
BRF:0
BRH:0
end_of_record
TN:
SF:models\exercise.js
FN:3,(anonymous_0)
FN:5,(anonymous_1)
FNF:2
FNH:2
FNDA:11,(anonymous_0)
FNDA:11,(anonymous_1)
DA:2,11
DA:3,11
DA:7,11
DA:9,11
DA:12,11
DA:103,11
LF:6
LH:6
BRF:0
BRH:0
end_of_record
TN:
SF:models\index.js
FN:21,(anonymous_0)
FN:29,(anonymous_1)
FN:34,(anonymous_2)
FNF:3
FNH:3
FNDA:66,(anonymous_0)
FNDA:55,(anonymous_1)
FNDA:55,(anonymous_2)
DA:3,11
DA:4,11
DA:5,11
DA:6,11
DA:7,11
DA:8,11
DA:9,11
DA:10,11
DA:13,11
DA:14,0
DA:16,11
DA:19,11
DA:22,66
DA:30,55
DA:31,55
DA:34,11
DA:35,55
DA:36,55
DA:40,11
DA:41,11
DA:43,11
LF:21
LH:20
BRDA:8,0,0,11
BRDA:8,0,1,0
BRDA:13,1,0,0
BRDA:13,1,1,11
BRDA:23,2,0,66
BRDA:23,2,1,66
BRDA:23,2,2,55
BRDA:23,2,3,55
BRDA:35,3,0,55
BRDA:35,3,1,0
BRF:10
BRH:7
end_of_record
TN:
SF:models\user.js
FN:5,(anonymous_0)
FN:7,(anonymous_1)
FN:73,(anonymous_2)
FNF:3
FNH:3
FNDA:11,(anonymous_0)
FNDA:11,(anonymous_1)
FNDA:68,(anonymous_2)
DA:2,11
DA:3,11
DA:5,11
DA:8,11
DA:11,11
DA:74,68
DA:78,11
LF:7
LH:7
BRF:0
BRH:0
end_of_record
TN:
SF:models\workoutlist.js
FN:3,(anonymous_0)
FN:5,(anonymous_1)
FNF:2
FNH:2
FNDA:11,(anonymous_0)
FNDA:11,(anonymous_1)
DA:2,11
DA:3,11
DA:6,11
DA:7,11
DA:8,11
DA:17,11
DA:50,11
LF:7
LH:7
BRF:0
BRH:0
end_of_record
TN:
SF:routes\bodyPartRouter.js
FNF:0
FNH:0
DA:1,6
DA:2,6
DA:3,6
DA:6,6
DA:8,6
LF:5
LH:5
BRF:0
BRH:0
end_of_record
TN:
SF:routes\equipmentRouter.js
FNF:0
FNH:0
DA:1,6
DA:2,6
DA:3,6
DA:6,6
DA:8,6
LF:5
LH:5
BRF:0
BRH:0
end_of_record
TN:
SF:routes\index.js
FNF:0
FNH:0
DA:1,6
DA:2,6
DA:3,6
DA:4,6
DA:5,6
DA:6,6
DA:7,6
DA:9,6
DA:12,6
DA:13,6
DA:14,6
DA:15,6
DA:17,6
LF:13
LH:13
BRF:0
BRH:0
end_of_record
TN:
SF:routes\userRouter.js
FNF:0
FNH:0
DA:1,6
DA:2,6
DA:3,6
DA:5,6
DA:6,6
DA:7,6
DA:8,6
DA:10,6
LF:8
LH:8
BRF:0
BRH:0
end_of_record
TN:
SF:routes\workoutListRouter.js
FNF:0
FNH:0
DA:1,6
DA:2,6
DA:3,6
DA:6,6
DA:7,6
DA:8,6
DA:9,6
DA:10,6
DA:12,6
LF:9
LH:9
BRF:0
BRH:0
end_of_record
